_XSERVTransmkdir: Owner of /tmp/.X11-unix should be set to root

Xvnc TigerVNC 1.1.0 - built Oct 30 2014 12:46:27
Copyright (C) 1999-2011 TigerVNC Team and many others (see README.txt)
See http://www.tigervnc.org for information on TigerVNC.
Underlying X server release 11500000, The X.Org Foundation

Initializing built-in extension Generic Event Extension
Initializing built-in extension SHAPE
Initializing built-in extension MIT-SHM
Initializing built-in extension XInputExtension
Initializing built-in extension XTEST
Initializing built-in extension BIG-REQUESTS
Initializing built-in extension SYNC
Initializing built-in extension XKEYBOARD
Initializing built-in extension XC-MISC
Initializing built-in extension XFIXES
Initializing built-in extension RENDER
Initializing built-in extension RANDR
Initializing built-in extension DAMAGE
Initializing built-in extension MIT-SCREEN-SAVER
Initializing built-in extension DOUBLE-BUFFER
Initializing built-in extension RECORD
Initializing built-in extension DPMS
Initializing built-in extension X-Resource
Initializing built-in extension XVideo
Initializing built-in extension XVideo-MotionCompensation
Initializing built-in extension VNC-EXTENSION
Initializing built-in extension GLX

Wed Mar 28 11:15:54 2018
 vncext:      VNC extension running!
 vncext:      Listening for VNC connections on all interface(s), port 5901
 vncext:      created VNC server for screen 0
MainThread 2018/03/28 11:15:57.3713 (sabayon-apply): No profile for user 'vinays' found
No profile for user 'vinays' found
MainThread 2018/03/28 11:15:57.3716 (sabayon-apply): Fatal exception!  Exiting abnormally.
MainThread 2018/03/28 11:15:57.3722 (sabayon-apply): Traceback (most recent call last):
  File "/usr/sbin/sabayon-apply", line 149, in <module>
    sys.exit (util.EXIT_CODE_NO_USER_PROFILE)
SystemExit: 3

===== BEGIN MILESTONES (/usr/sbin/sabayon-apply) =====
MainThread 2018/03/28 11:15:57.3713 (sabayon-apply): No profile for user 'vinays' found
MainThread 2018/03/28 11:15:57.3716 (sabayon-apply): Fatal exception!  Exiting abnormally.
MainThread 2018/03/28 11:15:57.3722 (sabayon-apply): Traceback (most recent call last):
  File "/usr/sbin/sabayon-apply", line 149, in <module>
    sys.exit (util.EXIT_CODE_NO_USER_PROFILE)
SystemExit: 3

===== END MILESTONES (/usr/sbin/sabayon-apply) =====
===== BEGIN RING BUFFER (/usr/sbin/sabayon-apply) =====
MainThread 2018/03/28 11:15:57.3713 (sabayon-apply): No profile for user 'vinays' found
MainThread 2018/03/28 11:15:57.3716 (sabayon-apply): Fatal exception!  Exiting abnormally.
MainThread 2018/03/28 11:15:57.3722 (sabayon-apply): Traceback (most recent call last):
  File "/usr/sbin/sabayon-apply", line 149, in <module>
    sys.exit (util.EXIT_CODE_NO_USER_PROFILE)
SystemExit: 3

===== END RING BUFFER (/usr/sbin/sabayon-apply) =====


This configuration for the debug log can be re-created
by putting the following in ~//etc/sabayon/sabayon-debug-log.conf
(use ';' to separate domain names):

[debug log]
max lines = 1000
startkde: Starting up...
Connecting to deprecated signal QDBusConnectionInterface::serviceOwnerChanged(QString,QString,QString)
kbuildsycoca4 running...
Connecting to deprecated signal QDBusConnectionInterface::serviceOwnerChanged(QString,QString,QString)
Invalid D-BUS member name 'idle-hint' found in interface 'org.freedesktop.ConsoleKit.Session' while parsing introspection
Invalid D-BUS member name 'is-local' found in interface 'org.freedesktop.ConsoleKit.Session' while parsing introspection
Invalid D-BUS member name 'x11-display-device' found in interface 'org.freedesktop.ConsoleKit.Session' while parsing introspection
Invalid D-BUS member name 'x11-display' found in interface 'org.freedesktop.ConsoleKit.Session' while parsing introspection
Invalid D-BUS member name 'display-device' found in interface 'org.freedesktop.ConsoleKit.Session' while parsing introspection
Invalid D-BUS member name 'remote-host-name' found in interface 'org.freedesktop.ConsoleKit.Session' while parsing introspection
Invalid D-BUS member name 'session-type' found in interface 'org.freedesktop.ConsoleKit.Session' while parsing introspection
Invalid D-BUS member name 'unix-user' found in interface 'org.freedesktop.ConsoleKit.Session' while parsing introspection
QDBusConnection: name 'org.kde.kglobalaccel' had owner '' but we thought it was ':1.11'
<unknown program name>(6792)/ KStartupInfo::createNewStartupId: creating:  "inn-vinays-vm;1522215958;487330;6792_TIME0" : "unnamed app"
kephald starting up 
XRANDR error base:  145 
RRInput mask is set!! 
RandRScreen::loadSettings - adding mode:  247 1920 x 1200 
RandRScreen::loadSettings - adding mode:  248 1920 x 1080 
RandRScreen::loadSettings - adding mode:  249 1600 x 1200 
RandRScreen::loadSettings - adding mode:  250 1680 x 1050 
RandRScreen::loadSettings - adding mode:  251 1400 x 1050 
RandRScreen::loadSettings - adding mode:  252 1360 x 768 
RandRScreen::loadSettings - adding mode:  253 1280 x 1024 
RandRScreen::loadSettings - adding mode:  254 1280 x 960 
RandRScreen::loadSettings - adding mode:  255 1280 x 800 
RandRScreen::loadSettings - adding mode:  256 1280 x 720 
RandRScreen::loadSettings - adding mode:  257 1024 x 768 
RandRScreen::loadSettings - adding mode:  258 800 x 600 
RandRScreen::loadSettings - adding mode:  259 640 x 480 
RandRScreen::loadSettings - adding crtc:  245 
RandRScreen::loadSettings - adding output:  246 
Setting CRTC 245 on output "default" (previous 0 ) 
CRTC outputs: (246) 
Output name: "default" 
Output refresh rate: 60 
Output rect: QRect(0,0 1920x1080) 
Output rotation: 1 
XRandROutputs::init 
  added output  246 
adding an output 0 with geom:  QRect(0,0 1920x1080) 
output: "SCREEN-0" QRect(0,0 1920x1080) 1952543855 true true 
load xml 
connected: 1 
looking for current "SCREEN-0" 
known "*" has score: 0.125 
screen: 0 QRect(0,0 1920x1080) 
looking for a matching configuration... 
connected: 1 
looking for current "SCREEN-0" 
known "*" has score: 0.125 
found outputs, known: false 
activate external configuration!! 
registered the service: true 
screens registered on the bus: true 
outputs registered on the bus: true 
configurations registered on the bus: true 
Connecting to deprecated signal QDBusConnectionInterface::serviceOwnerChanged(QString,QString,QString)
Connecting to deprecated signal QDBusConnectionInterface::serviceOwnerChanged(QString,QString,QString)
QDBusObjectPath: invalid path ""
Connecting to deprecated signal QDBusConnectionInterface::serviceOwnerChanged(QString,QString,QString)
QFont::setPointSize: Point size <= 0 (0), must be greater than 0
QLayout: Attempting to add QLayout "" to QWidget "", which already has a layout
QGraphicsLinearLayout::removeAt: invalid index 0
QGraphicsLinearLayout::removeAt: invalid index 0
Object::connect: No such signal SystemTray::Manager::jobStateChanged(SystemTray::Job*)
Invalid D-BUS interface name 'org.kde.plasma-desktop.PlasmaApp' found while parsing introspection
<unknown program name>(6822)/ kdemain: Xlib XKB extension major= 1  minor= 0
vmware-user: could not open /proc/fs/vmblock/dev

(krb5-auth-dialog:6840): GLib-GObject-CRITICAL **: Object class GtkSecureEntry doesn't implement property 'editing-canceled' from interface 'GtkCellEditable'

(process:6855): GLib-WARNING **: goption.c:2132: ignoring no-arg, optional-arg or filename flags (8) on option of type 0

(process:6855): GLib-WARNING **: goption.c:2132: ignoring no-arg, optional-arg or filename flags (8) on option of type 0

(process:6855): GLib-WARNING **: goption.c:2132: ignoring no-arg, optional-arg or filename flags (8) on option of type 0

(polkit-gnome-authentication-agent-1:6843): GLib-GObject-WARNING **: cannot register existing type `_PolkitError'

(polkit-gnome-authentication-agent-1:6843): GLib-CRITICAL **: g_once_init_leave: assertion `initialization_value != 0' failed

** (nm-applet:6841): WARNING **: <WARN>  request_name(): Could not acquire the NetworkManagerUserSettings service.
  Error: (9) Connection ":1.81" is not allowed to own the service "org.freedesktop.NetworkManagerUserSettings" due to security policies in the configuration file

SELinux Troubleshooter: Applet requires SELinux be enabled to run.
abrt-applet: Can't access '/var/spool/abrt/ccpp-2018-03-28-11:15:49-3839': Permission denied
QDBusObjectPath: invalid path ""
Connecting to deprecated signal QDBusConnectionInterface::serviceOwnerChanged(QString,QString,QString)
Connecting to deprecated signal QDBusConnectionInterface::serviceOwnerChanged(QString,QString,QString)
Connecting to deprecated signal QDBusConnectionInterface::serviceOwnerChanged(QString,QString,QString)
"/usr/bin/krunner(6834)" Error in thread 139765124589632 : "org.freedesktop.DBus.Error.ServiceUnknown - The name org.kde.nepomuk.services.nepomukstorage was not provided by any .service files"
"/usr/bin/krunner(6834)" Error in thread 139765124589632 : "QLocalSocket::connectToServer: Invalid name"
Xlib:  extension "VMWARE_CTRL" missing on display ":1".

Wed Mar 28 11:16:05 2018
 Connections: accepted: 137.202.215.198::51853
 SConnection: Client needs protocol version 3.8
 SConnection: Client requests security type VncAuth(2)
 VNCSConnST:  Server default pixel format depth 24 (32bpp) little-endian rgb888
 VNCSConnST:  Client pixel format depth 24 (32bpp) little-endian rgb888
abrt-applet: notifyd doesn't have persistence - showing old style status icon
Object::connect: No such slot TaskManager::GroupManager::taskDestroyed(QObject*)
Object::connect: No such slot TaskManager::GroupManager::taskDestroyed(QObject*)
Object::connect: No such slot TaskManager::GroupManager::taskDestroyed(QObject*)

Wed Mar 28 15:22:37 2018
 Connections: accepted: 134.86.244.67::56356
 SConnection: Client needs protocol version 3.8
 SConnection: Client requests security type VncAuth(2)

Wed Mar 28 15:22:40 2018
 VNCSConnST:  Server default pixel format depth 24 (32bpp) little-endian rgb888
 VNCSConnST:  Client pixel format depth 24 (32bpp) little-endian rgb888

Wed Mar 28 15:22:41 2018
 VNCSConnST:  Client pixel format depth 24 (32bpp) little-endian rgb888

Wed Mar 28 15:23:00 2018
 Connections: closed: 134.86.244.67::56356 (Clean disconnection)
 SMsgWriter:  framebuffer updates 2
 SMsgWriter:    hextile rects 1, bytes 4131372
 SMsgWriter:    ZRLE rects 2, bytes 1030341
 SMsgWriter:    raw bytes equivalent 16588980, compression ratio 3.213852

Wed Mar 28 20:19:39 2018
 Connections: closed: 137.202.215.198::51853 (read: No route to host (113))
 SMsgWriter:  framebuffer updates 29368
 SMsgWriter:    copyRect rects 1, bytes 16
 SMsgWriter:    hextile rects 30017, bytes 18275412
 SMsgWriter:    raw bytes equivalent 87559052, compression ratio 4.791085

Thu Mar 29 10:41:59 2018
 Connections: accepted: 172.30.152.27::56346
 SConnection: Client needs protocol version 3.8
 SConnection: Client requests security type VncAuth(2)
 VNCSConnST:  Server default pixel format depth 24 (32bpp) little-endian rgb888

Thu Mar 29 10:42:00 2018
 VNCSConnST:  Client pixel format depth 24 (32bpp) little-endian rgb888
Object::connect: No such slot TaskManager::GroupManager::taskDestroyed(QObject*)

Thu Mar 29 10:42:37 2018
 Connections: closed: 172.30.152.27::56346 (Clean disconnection)
 SMsgWriter:  framebuffer updates 78
 SMsgWriter:    hextile rects 1341, bytes 6634290
 SMsgWriter:    raw bytes equivalent 35874996, compression ratio 5.407511

Fri Mar 30 16:56:18 2018
 Connections: accepted: 137.202.215.166::55667
 SConnection: Client needs protocol version 3.8
 SConnection: Client requests security type VncAuth(2)

Fri Mar 30 16:56:26 2018
 VNCSConnST:  Server default pixel format depth 24 (32bpp) little-endian rgb888

Fri Mar 30 16:56:27 2018
 VNCSConnST:  Client pixel format depth 8 (8bpp) color-map
 VNCSConnST:  Client pixel format depth 24 (32bpp) little-endian rgb888

Fri Mar 30 17:08:13 2018
 Connections: closed: 137.202.215.166::55667 (Clean disconnection)
 SMsgWriter:  framebuffer updates 2234
 SMsgWriter:    hextile rects 15679, bytes 24017670
 SMsgWriter:    ZRLE rects 2, bytes 37316
 SMsgWriter:    raw bytes equivalent 143018324, compression ratio 5.945475

Thu Apr 12 12:20:00 2018
 Connections: accepted: 137.202.215.198::58133
 SConnection: Client needs protocol version 3.8
 SConnection: Client requests security type VncAuth(2)
 VNCSConnST:  Server default pixel format depth 24 (32bpp) little-endian rgb888
 VNCSConnST:  Client pixel format depth 24 (32bpp) little-endian rgb888
Object::connect: No such slot TaskManager::GroupManager::taskDestroyed(QObject*)
Object::connect: No such slot TaskManager::GroupManager::taskDestroyed(QObject*)
Object::connect: No such slot TaskManager::GroupManager::taskDestroyed(QObject*)
Object::disconnect: Unexpected null parameter
QGraphicsScene::removeItem: cannot remove 0-item

Thu Apr 12 20:36:27 2018
 Connections: closed: 137.202.215.198::58133 (read: No route to host (113))
 SMsgWriter:  framebuffer updates 37324
 SMsgWriter:    hextile rects 44770, bytes 56933446
 SMsgWriter:    raw bytes equivalent 288303484, compression ratio 5.063869

Fri Apr 13 10:10:52 2018
 Connections: accepted: 137.202.215.198::49155
 SConnection: Client needs protocol version 3.8
 SConnection: Client requests security type VncAuth(2)
 VNCSConnST:  Server default pixel format depth 24 (32bpp) little-endian rgb888
 VNCSConnST:  Client pixel format depth 24 (32bpp) little-endian rgb888

Fri Apr 13 12:44:18 2018
 Connections: accepted: 134.86.244.173::55338
 SConnection: Client needs protocol version 3.8
 SConnection: Client requests security type VncAuth(2)

Fri Apr 13 12:44:20 2018
 VNCSConnST:  Server default pixel format depth 24 (32bpp) little-endian rgb888
 VNCSConnST:  Client pixel format depth 24 (32bpp) little-endian rgb888
 VNCSConnST:  Client pixel format depth 24 (32bpp) little-endian rgb888

Fri Apr 13 12:51:42 2018
 Connections: closed: 134.86.244.173::55338 (Clean disconnection)
 SMsgWriter:  framebuffer updates 1531
 SMsgWriter:    hextile rects 21571, bytes 51257068
 SMsgWriter:    ZRLE rects 2, bytes 245766
 SMsgWriter:    raw bytes equivalent 286345876, compression ratio 5.559808

Fri Apr 13 13:51:35 2018
 Connections: closed: 137.202.215.198::49155 (Clean disconnection)
 SMsgWriter:  framebuffer updates 11856
 SMsgWriter:    hextile rects 93608, bytes 240100743
 SMsgWriter:    raw bytes equivalent 1375770416, compression ratio 5.729972

Fri Apr 20 11:29:41 2018
 Connections: accepted: 137.202.214.197::53019
 SConnection: Client needs protocol version 3.4
 SConnection: Client uses unofficial protocol version 3.4
 SConnection: Assuming compatibility with version 3.3

Fri Apr 20 11:29:42 2018
 Connections: closed: 137.202.214.197::53019 (Clean disconnection)

Tue Jun  5 10:49:07 2018
 Connections: accepted: 137.202.215.198::65103
 SConnection: Client needs protocol version 3.8
 SConnection: Client requests security type VncAuth(2)
 VNCSConnST:  Server default pixel format depth 24 (32bpp) little-endian rgb888
 VNCSConnST:  Client pixel format depth 24 (32bpp) little-endian rgb888
Object::connect: No such slot TaskManager::GroupManager::taskDestroyed(QObject*)
Object::connect: No such slot TaskManager::GroupManager::taskDestroyed(QObject*)
Object::disconnect: Unexpected null parameter
QGraphicsScene::removeItem: cannot remove 0-item
Object::connect: No such slot TaskManager::GroupManager::taskDestroyed(QObject*)
Object::disconnect: Unexpected null parameter
QGraphicsScene::removeItem: cannot remove 0-item
Object::connect: No such slot TaskManager::GroupManager::taskDestroyed(QObject*)
Object::disconnect: Unexpected null parameter
QGraphicsScene::removeItem: cannot remove 0-item
Object::connect: No such slot TaskManager::GroupManager::taskDestroyed(QObject*)
Object::disconnect: Unexpected null parameter
QGraphicsScene::removeItem: cannot remove 0-item
Object::connect: No such slot TaskManager::GroupManager::taskDestroyed(QObject*)
Object::disconnect: Unexpected null parameter
QGraphicsScene::removeItem: cannot remove 0-item
Object::connect: No such slot TaskManager::GroupManager::taskDestroyed(QObject*)
Object::disconnect: Unexpected null parameter
QGraphicsScene::removeItem: cannot remove 0-item
Object::connect: No such slot TaskManager::GroupManager::taskDestroyed(QObject*)
Object::disconnect: Unexpected null parameter
QGraphicsScene::removeItem: cannot remove 0-item
Object::connect: No such slot TaskManager::GroupManager::taskDestroyed(QObject*)
Object::disconnect: Unexpected null parameter
QGraphicsScene::removeItem: cannot remove 0-item
Object::connect: No such slot TaskManager::GroupManager::taskDestroyed(QObject*)
Object::disconnect: Unexpected null parameter
QGraphicsScene::removeItem: cannot remove 0-item
Object::connect: No such slot TaskManager::GroupManager::taskDestroyed(QObject*)
Object::disconnect: Unexpected null parameter
QGraphicsScene::removeItem: cannot remove 0-item
Object::connect: No such slot TaskManager::GroupManager::taskDestroyed(QObject*)
Object::disconnect: Unexpected null parameter
QGraphicsScene::removeItem: cannot remove 0-item
Object::connect: No such slot TaskManager::GroupManager::taskDestroyed(QObject*)
Object::disconnect: Unexpected null parameter
QGraphicsScene::removeItem: cannot remove 0-item
Object::connect: No such slot TaskManager::GroupManager::taskDestroyed(QObject*)
Object::disconnect: Unexpected null parameter
QGraphicsScene::removeItem: cannot remove 0-item
Object::connect: No such slot TaskManager::GroupManager::taskDestroyed(QObject*)
Object::disconnect: Unexpected null parameter
QGraphicsScene::removeItem: cannot remove 0-item
Object::connect: No such slot TaskManager::GroupManager::taskDestroyed(QObject*)
Object::connect: No such slot TaskManager::GroupManager::taskDestroyed(QObject*)
Object::connect: No such slot TaskManager::GroupManager::taskDestroyed(QObject*)
Object::disconnect: Unexpected null parameter
QGraphicsScene::removeItem: cannot remove 0-item
Object::connect: No such slot TaskManager::GroupManager::taskDestroyed(QObject*)
Object::disconnect: Unexpected null parameter
QGraphicsScene::removeItem: cannot remove 0-item
Object::connect: No such slot TaskManager::GroupManager::taskDestroyed(QObject*)
Object::disconnect: Unexpected null parameter
QGraphicsScene::removeItem: cannot remove 0-item
Object::connect: No such slot TaskManager::GroupManager::taskDestroyed(QObject*)
Object::disconnect: Unexpected null parameter
QGraphicsScene::removeItem: cannot remove 0-item
Object::connect: No such slot TaskManager::GroupManager::taskDestroyed(QObject*)
Object::disconnect: Unexpected null parameter
QGraphicsScene::removeItem: cannot remove 0-item
Object::connect: No such slot TaskManager::GroupManager::taskDestroyed(QObject*)
Object::disconnect: Unexpected null parameter
QGraphicsScene::removeItem: cannot remove 0-item
Object::connect: No such slot TaskManager::GroupManager::taskDestroyed(QObject*)
Object::disconnect: Unexpected null parameter
QGraphicsScene::removeItem: cannot remove 0-item
Object::connect: No such slot TaskManager::GroupManager::taskDestroyed(QObject*)
Object::disconnect: Unexpected null parameter
QGraphicsScene::removeItem: cannot remove 0-item
Object::connect: No such slot TaskManager::GroupManager::taskDestroyed(QObject*)
Object::disconnect: Unexpected null parameter
QGraphicsScene::removeItem: cannot remove 0-item
Object::connect: No such slot TaskManager::GroupManager::taskDestroyed(QObject*)
Object::disconnect: Unexpected null parameter
QGraphicsScene::removeItem: cannot remove 0-item
Object::connect: No such slot TaskManager::GroupManager::taskDestroyed(QObject*)
Object::disconnect: Unexpected null parameter
QGraphicsScene::removeItem: cannot remove 0-item
Object::connect: No such slot TaskManager::GroupManager::taskDestroyed(QObject*)
Object::disconnect: Unexpected null parameter
QGraphicsScene::removeItem: cannot remove 0-item
Object::connect: No such slot TaskManager::GroupManager::taskDestroyed(QObject*)
Object::disconnect: Unexpected null parameter
QGraphicsScene::removeItem: cannot remove 0-item
Object::connect: No such slot TaskManager::GroupManager::taskDestroyed(QObject*)
Object::disconnect: Unexpected null parameter
QGraphicsScene::removeItem: cannot remove 0-item
Object::connect: No such slot TaskManager::GroupManager::taskDestroyed(QObject*)
Object::connect: No such slot TaskManager::GroupManager::taskDestroyed(QObject*)
Object::connect: No such slot TaskManager::GroupManager::taskDestroyed(QObject*)
Object::disconnect: Unexpected null parameter
QGraphicsScene::removeItem: cannot remove 0-item
Object::connect: No such slot TaskManager::GroupManager::taskDestroyed(QObject*)
Object::disconnect: Unexpected null parameter
QGraphicsScene::removeItem: cannot remove 0-item
Object::connect: No such slot TaskManager::GroupManager::taskDestroyed(QObject*)
Object::disconnect: Unexpected null parameter
QGraphicsScene::removeItem: cannot remove 0-item
Object::connect: No such slot TaskManager::GroupManager::taskDestroyed(QObject*)
Object::disconnect: Unexpected null parameter
QGraphicsScene::removeItem: cannot remove 0-item
Object::connect: No such slot TaskManager::GroupManager::taskDestroyed(QObject*)
Object::disconnect: Unexpected null parameter
QGraphicsScene::removeItem: cannot remove 0-item
Object::connect: No such slot TaskManager::GroupManager::taskDestroyed(QObject*)
Object::disconnect: Unexpected null parameter
QGraphicsScene::removeItem: cannot remove 0-item
Object::connect: No such slot TaskManager::GroupManager::taskDestroyed(QObject*)
Object::disconnect: Unexpected null parameter
QGraphicsScene::removeItem: cannot remove 0-item
Object::connect: No such slot TaskManager::GroupManager::taskDestroyed(QObject*)
Object::disconnect: Unexpected null parameter
QGraphicsScene::removeItem: cannot remove 0-item
Object::connect: No such slot TaskManager::GroupManager::taskDestroyed(QObject*)
Object::disconnect: Unexpected null parameter
QGraphicsScene::removeItem: cannot remove 0-item
Object::connect: No such slot TaskManager::GroupManager::taskDestroyed(QObject*)
Object::disconnect: Unexpected null parameter
QGraphicsScene::removeItem: cannot remove 0-item
Object::connect: No such slot TaskManager::GroupManager::taskDestroyed(QObject*)
Object::disconnect: Unexpected null parameter
QGraphicsScene::removeItem: cannot remove 0-item
Object::connect: No such slot TaskManager::GroupManager::taskDestroyed(QObject*)
Object::disconnect: Unexpected null parameter
QGraphicsScene::removeItem: cannot remove 0-item
Object::connect: No such slot TaskManager::GroupManager::taskDestroyed(QObject*)
Object::disconnect: Unexpected null parameter
QGraphicsScene::removeItem: cannot remove 0-item
Object::connect: No such slot TaskManager::GroupManager::taskDestroyed(QObject*)
Object::disconnect: Unexpected null parameter
QGraphicsScene::removeItem: cannot remove 0-item
Object::connect: No such slot TaskManager::GroupManager::taskDestroyed(QObject*)
Object::connect: No such slot TaskManager::GroupManager::taskDestroyed(QObject*)
Object::connect: No such slot TaskManager::GroupManager::taskDestroyed(QObject*)
Object::disconnect: Unexpected null parameter
QGraphicsScene::removeItem: cannot remove 0-item
Object::connect: No such slot TaskManager::GroupManager::taskDestroyed(QObject*)
Object::disconnect: Unexpected null parameter
QGraphicsScene::removeItem: cannot remove 0-item
Object::connect: No such slot TaskManager::GroupManager::taskDestroyed(QObject*)
Object::disconnect: Unexpected null parameter
QGraphicsScene::removeItem: cannot remove 0-item
Object::connect: No such slot TaskManager::GroupManager::taskDestroyed(QObject*)
Object::disconnect: Unexpected null parameter
QGraphicsScene::removeItem: cannot remove 0-item
Object::connect: No such slot TaskManager::GroupManager::taskDestroyed(QObject*)
Object::disconnect: Unexpected null parameter
QGraphicsScene::removeItem: cannot remove 0-item
Object::connect: No such slot TaskManager::GroupManager::taskDestroyed(QObject*)
Object::disconnect: Unexpected null parameter
QGraphicsScene::removeItem: cannot remove 0-item
Object::connect: No such slot TaskManager::GroupManager::taskDestroyed(QObject*)
Object::disconnect: Unexpected null parameter
QGraphicsScene::removeItem: cannot remove 0-item
Object::connect: No such slot TaskManager::GroupManager::taskDestroyed(QObject*)
Object::disconnect: Unexpected null parameter
QGraphicsScene::removeItem: cannot remove 0-item
Object::connect: No such slot TaskManager::GroupManager::taskDestroyed(QObject*)
Object::disconnect: Unexpected null parameter
QGraphicsScene::removeItem: cannot remove 0-item
Object::connect: No such slot TaskManager::GroupManager::taskDestroyed(QObject*)
Object::disconnect: Unexpected null parameter
QGraphicsScene::removeItem: cannot remove 0-item
Object::connect: No such slot TaskManager::GroupManager::taskDestroyed(QObject*)
Object::disconnect: Unexpected null parameter
QGraphicsScene::removeItem: cannot remove 0-item
Object::connect: No such slot TaskManager::GroupManager::taskDestroyed(QObject*)
Object::disconnect: Unexpected null parameter
QGraphicsScene::removeItem: cannot remove 0-item
Object::connect: No such slot TaskManager::GroupManager::taskDestroyed(QObject*)
Object::disconnect: Unexpected null parameter
QGraphicsScene::removeItem: cannot remove 0-item
Object::connect: No such slot TaskManager::GroupManager::taskDestroyed(QObject*)
Object::disconnect: Unexpected null parameter
QGraphicsScene::removeItem: cannot remove 0-item
Object::connect: No such slot TaskManager::GroupManager::taskDestroyed(QObject*)
Object::disconnect: Unexpected null parameter
QGraphicsScene::removeItem: cannot remove 0-item

Tue Jun  5 11:25:35 2018
 Connections: closed: 137.202.215.198::65103 (Clean disconnection)
 SMsgWriter:  framebuffer updates 5347
 SMsgWriter:    copyRect rects 7652, bytes 122432
 SMsgWriter:    hextile rects 26683, bytes 81163723
 SMsgWriter:    raw bytes equivalent 940492228, compression ratio 11.587593
Object::connect: No such slot TaskManager::GroupManager::taskDestroyed(QObject*)
Object::connect: No such slot TaskManager::GroupManager::taskDestroyed(QObject*)
