_XSERVTransmkdir: Owner of /tmp/.X11-unix should be set to root

Xvnc TigerVNC 1.1.0 - built Oct 30 2014 12:46:27
Copyright (C) 1999-2011 TigerVNC Team and many others (see README.txt)
See http://www.tigervnc.org for information on TigerVNC.
Underlying X server release 11500000, The X.Org Foundation

Initializing built-in extension Generic Event Extension
Initializing built-in extension SHAPE
Initializing built-in extension MIT-SHM
Initializing built-in extension XInputExtension
Initializing built-in extension XTEST
Initializing built-in extension BIG-REQUESTS
Initializing built-in extension SYNC
Initializing built-in extension XKEYBOARD
Initializing built-in extension XC-MISC
Initializing built-in extension XFIXES
Initializing built-in extension RENDER
Initializing built-in extension RANDR
Initializing built-in extension DAMAGE
Initializing built-in extension MIT-SCREEN-SAVER
Initializing built-in extension DOUBLE-BUFFER
Initializing built-in extension RECORD
Initializing built-in extension DPMS
Initializing built-in extension X-Resource
Initializing built-in extension XVideo
Initializing built-in extension XVideo-MotionCompensation
Initializing built-in extension VNC-EXTENSION
Initializing built-in extension GLX

Fri Apr 13 13:28:52 2018
 vncext:      VNC extension running!
 vncext:      Listening for VNC connections on all interface(s), port 5904
 vncext:      created VNC server for screen 0
MainThread 2018/04/13 13:28:58.7885 (sabayon-apply): No profile for user 'vinays' found
No profile for user 'vinays' found
MainThread 2018/04/13 13:28:58.7892 (sabayon-apply): Fatal exception!  Exiting abnormally.
MainThread 2018/04/13 13:28:58.7897 (sabayon-apply): Traceback (most recent call last):
  File "/usr/sbin/sabayon-apply", line 149, in <module>
    sys.exit (util.EXIT_CODE_NO_USER_PROFILE)
SystemExit: 3

===== BEGIN MILESTONES (/usr/sbin/sabayon-apply) =====
MainThread 2018/04/13 13:28:58.7885 (sabayon-apply): No profile for user 'vinays' found
MainThread 2018/04/13 13:28:58.7892 (sabayon-apply): Fatal exception!  Exiting abnormally.
MainThread 2018/04/13 13:28:58.7897 (sabayon-apply): Traceback (most recent call last):
  File "/usr/sbin/sabayon-apply", line 149, in <module>
    sys.exit (util.EXIT_CODE_NO_USER_PROFILE)
SystemExit: 3

===== END MILESTONES (/usr/sbin/sabayon-apply) =====
===== BEGIN RING BUFFER (/usr/sbin/sabayon-apply) =====
MainThread 2018/04/13 13:28:58.7885 (sabayon-apply): No profile for user 'vinays' found
MainThread 2018/04/13 13:28:58.7892 (sabayon-apply): Fatal exception!  Exiting abnormally.
MainThread 2018/04/13 13:28:58.7897 (sabayon-apply): Traceback (most recent call last):
  File "/usr/sbin/sabayon-apply", line 149, in <module>
    sys.exit (util.EXIT_CODE_NO_USER_PROFILE)
SystemExit: 3

===== END RING BUFFER (/usr/sbin/sabayon-apply) =====


This configuration for the debug log can be re-created
by putting the following in ~//etc/sabayon/sabayon-debug-log.conf
(use ';' to separate domain names):

[debug log]
max lines = 1000
cat: "/home/vinays/.gpg-agent-info": No such file or directory
/etc/kde/env/gpg-agent-startup.sh: line 25: "/home/vinays/.gpg-agent-info": No such file or directory
export CLICOLOR="1"
export CSCOPE_EDITOR="vim"
export CVSROOT="/home/rtlc/RTLCROOT"
export CVS_RSH="ssh"
export DBUS_SESSION_BUS_ADDRESS="unix:abstract=/tmp/dbus-3qEbJOfUKE,guid=9bb473bd9877942d857bd22100155f09"
export DISPLAY=":4"
export EDITOR="emacs"
export GCC_LD_LIBRARY_PATH="/usr/local/lib64:/usr/local/lib"
export GPG_AGENT_INFO="/tmp/seahorse-YGltTL/S.gpg-agent:14542:1;"
export GROUP="rtlc_grp"
export GTK_IM_MODULE="gtk-im-context-simple"
export G_BROKEN_FILENAMES="1"
export HISTCONTROL="erasedups:ignoredups:ignorespace"
export HISTFILESIZE="10000"
export HISTSIZE="500"
export HOME="/home/vinays"
export HOST="inn-vinays-vm"
export HOSTNAME="inn-vinays-vm"
export HOSTTYPE="x86_64-linux"
export IMSETTINGS_INTEGRATE_DESKTOP="yes"
export IMSETTINGS_MODULE="none"
export India_server="1"
export KDEDIRS="/usr"
export KDE_IS_PRELINKED="1"
export LANG="en_US.UTF-8"
export LESSOPEN="||/usr/bin/lesspipe.sh %s"
export LESS_TERMCAP_mb="[01;31m"
export LESS_TERMCAP_md="[01;31m"
export LESS_TERMCAP_me="[0m"
export LESS_TERMCAP_se="[0m"
export LESS_TERMCAP_so="[01;44;33m"
export LESS_TERMCAP_ue="[0m"
export LESS_TERMCAP_us="[01;32m"
export LOGNAME="vinays"
export LS_COLORS="no=00:fi=00:di=00;34:ln=01;36:pi=40;33:so=01;35:do=01;35:bd=40;33;01:cd=40;33;01:or=40;31;01:ex=01;32:*.tar=01;31:*.tgz=01;31:*.arj=01;31:*.taz=01;31:*.lzh=01;31:*.zip=01;31:*.z=01;31:*.Z=01;31:*.gz=01;31:*.bz2=01;31:*.deb=01;31:*.rpm=01;31:*.jar=01;31:*.jpg=01;35:*.jpeg=01;35:*.gif=01;35:*.bmp=01;35:*.pbm=01;35:*.pgm=01;35:*.ppm=01;35:*.tga=01;35:*.xbm=01;35:*.xpm=01;35:*.tif=01;35:*.tiff=01;35:*.png=01;35:*.mov=01;35:*.mpg=01;35:*.mpeg=01;35:*.avi=01;35:*.fli=01;35:*.gl=01;35:*.dl=01;35:*.xcf=01;35:*.xwd=01;35:*.ogg=01;35:*.mp3=01;35:*.wav=01;35:*.xml=00;31:"
export MACHTYPE="x86_64"
export MAIL="/var/spool/mail/vinays"
export MBOX="/home/vinays/Mail/mbox"
export OLDPWD
export OSTYPE="linux"
export PATH="/in/tcl/tkdiff/4.2:/in/emacs/25.2/Linux6/x86_64/bin:/usr/sbin/bin:/usr/bin:/usr/local/bin:/usr/X11R6/bin:.:/sbin:/home/vinays/public/util_scripts:/usr/kerberos/sbin:/usr/kerberos/bin:/usr/sbin:/bin:/usr/bin:/usr/local/bin:/usr/X11R6/bin:.:/sbin:/home/vinays/public/util_scripts:/usr/local/sbin"
export PRINTER="hp-in11"
export PWD="/home/vinays"
export QTDIR="/usr/lib64/qt-3.3"
export QTINC="/usr/lib64/qt-3.3/include"
export QTLIB="/usr/lib64/qt-3.3/lib"
export QT_IM_MODULE="xim"
export REMOTEHOST="137.202.215.198"
export SB="/in/TBX_SANDBOXES/vinays"
export SHELL="/bin/bash"
export SHLVL="4"
export SSH_AGENT_PID="14557"
export SSH_ASKPASS="/usr/libexec/openssh/gnome-ssh-askpass"
export SSH_AUTH_SOCK="/tmp/ssh-biqKZ14554/agent.14554"
export TERM="ansi"
export USER="vinays"
export VENDOR="unknown"
export VISUAL="vim"
export VNCDESKTOP="inn-vinays-vm:4 (vinays)"
export VOB_ROOT="/home/vinays/.emacs.d"
export VSB="/in/TBX_SANDBOXES/vinays/vps_sandbox"
export XCURSOR_THEME="default"
export XDG_DATA_DIRS="/usr/share/kde-settings/kde-profile/default/share:/usr/local/share:/usr/share"
export XDG_MENU_PREFIX="kde4-"
export XDG_SESSION_COOKIE="1a3c2126f5130b2b23cfc2ec00000010-1523606339.312576-1806198827"
export XENVIRONMENT="/home/vinays/.Xdefaults"
export XMODIFIERS="@im=none"
export backslash_quote="1"
startkde: Starting up...
Connecting to deprecated signal QDBusConnectionInterface::serviceOwnerChanged(QString,QString,QString)
kbuildsycoca4 running...
Connecting to deprecated signal QDBusConnectionInterface::serviceOwnerChanged(QString,QString,QString)
Invalid D-BUS member name 'idle-hint' found in interface 'org.freedesktop.ConsoleKit.Session' while parsing introspection
Invalid D-BUS member name 'is-local' found in interface 'org.freedesktop.ConsoleKit.Session' while parsing introspection
Invalid D-BUS member name 'x11-display-device' found in interface 'org.freedesktop.ConsoleKit.Session' while parsing introspection
Invalid D-BUS member name 'x11-display' found in interface 'org.freedesktop.ConsoleKit.Session' while parsing introspection
Invalid D-BUS member name 'display-device' found in interface 'org.freedesktop.ConsoleKit.Session' while parsing introspection
Invalid D-BUS member name 'remote-host-name' found in interface 'org.freedesktop.ConsoleKit.Session' while parsing introspection
Invalid D-BUS member name 'session-type' found in interface 'org.freedesktop.ConsoleKit.Session' while parsing introspection
Invalid D-BUS member name 'unix-user' found in interface 'org.freedesktop.ConsoleKit.Session' while parsing introspection
QDBusConnection: name 'org.kde.kglobalaccel' had owner '' but we thought it was ':1.11'
<unknown program name>(14657)/ KStartupInfo::createNewStartupId: creating:  "inn-vinays-vm;1523606342;352879;14657_TIME0" : "unnamed app"
kephald starting up 
XRANDR error base:  145 
RRInput mask is set!! 
RandRScreen::loadSettings - adding mode:  247 1920 x 1200 
RandRScreen::loadSettings - adding mode:  248 1920 x 1080 
RandRScreen::loadSettings - adding mode:  249 1600 x 1200 
RandRScreen::loadSettings - adding mode:  250 1680 x 1050 
RandRScreen::loadSettings - adding mode:  251 1400 x 1050 
RandRScreen::loadSettings - adding mode:  252 1360 x 768 
RandRScreen::loadSettings - adding mode:  253 1280 x 1024 
RandRScreen::loadSettings - adding mode:  254 1280 x 960 
RandRScreen::loadSettings - adding mode:  255 1280 x 800 
RandRScreen::loadSettings - adding mode:  256 1280 x 720 
RandRScreen::loadSettings - adding mode:  257 1024 x 768 
RandRScreen::loadSettings - adding mode:  258 800 x 600 
RandRScreen::loadSettings - adding mode:  259 640 x 480 
RandRScreen::loadSettings - adding crtc:  245 
RandRScreen::loadSettings - adding output:  246 
Setting CRTC 245 on output "default" (previous 0 ) 
CRTC outputs: (246) 
Output name: "default" 
Output refresh rate: 60 
Output rect: QRect(0,0 1920x1080) 
Output rotation: 1 
XRandROutputs::init 
  added output  246 
adding an output 0 with geom:  QRect(0,0 1920x1080) 
output: "SCREEN-0" QRect(0,0 1920x1080) 1952543855 true true 
load xml 
connected: 1 
looking for current "SCREEN-0" 
known "*" has score: 0.125 
screen: 0 QRect(0,0 1920x1080) 
looking for a matching configuration... 
connected: 1 
looking for current "SCREEN-0" 
known "*" has score: 0.125 
found outputs, known: false 
activate external configuration!! 
registered the service: true 
screens registered on the bus: true 
outputs registered on the bus: true 
configurations registered on the bus: true 
Connecting to deprecated signal QDBusConnectionInterface::serviceOwnerChanged(QString,QString,QString)
QDBusObjectPath: invalid path ""
Connecting to deprecated signal QDBusConnectionInterface::serviceOwnerChanged(QString,QString,QString)
Connecting to deprecated signal QDBusConnectionInterface::serviceOwnerChanged(QString,QString,QString)
QFont::setPointSize: Point size <= 0 (0), must be greater than 0
QLayout: Attempting to add QLayout "" to QWidget "", which already has a layout
QGraphicsLinearLayout::removeAt: invalid index 0
QGraphicsLinearLayout::removeAt: invalid index 0
Object::connect: No such signal SystemTray::Manager::jobStateChanged(SystemTray::Job*)
Invalid D-BUS interface name 'org.kde.plasma-desktop.PlasmaApp' found while parsing introspection
<unknown program name>(14683)/ kdemain: Xlib XKB extension major= 1  minor= 0
vmware-user: could not open /proc/fs/vmblock/dev

(polkit-gnome-authentication-agent-1:14696): GLib-GObject-WARNING **: cannot register existing type `_PolkitError'

(polkit-gnome-authentication-agent-1:14696): GLib-CRITICAL **: g_once_init_leave: assertion `initialization_value != 0' failed

(process:14703): GLib-WARNING **: goption.c:2132: ignoring no-arg, optional-arg or filename flags (8) on option of type 0

(process:14703): GLib-WARNING **: goption.c:2132: ignoring no-arg, optional-arg or filename flags (8) on option of type 0

(process:14703): GLib-WARNING **: goption.c:2132: ignoring no-arg, optional-arg or filename flags (8) on option of type 0

(krb5-auth-dialog:14693): GLib-GObject-CRITICAL **: Object class GtkSecureEntry doesn't implement property 'editing-canceled' from interface 'GtkCellEditable'
SELinux Troubleshooter: Applet requires SELinux be enabled to run.

** (nm-applet:14695): WARNING **: <WARN>  request_name(): Could not acquire the NetworkManagerUserSettings service.
  Error: (9) Connection ":1.454" is not allowed to own the service "org.freedesktop.NetworkManagerUserSettings" due to security policies in the configuration file

QDBusObjectPath: invalid path ""
Connecting to deprecated signal QDBusConnectionInterface::serviceOwnerChanged(QString,QString,QString)
Connecting to deprecated signal QDBusConnectionInterface::serviceOwnerChanged(QString,QString,QString)
Connecting to deprecated signal QDBusConnectionInterface::serviceOwnerChanged(QString,QString,QString)
E: main.c: Daemon startup failed.
"/usr/bin/krunner(14704)" Error in thread 139835817035840 : "org.freedesktop.DBus.Error.ServiceUnknown - The name org.kde.nepomuk.services.nepomukstorage was not provided by any .service files"
"/usr/bin/krunner(14704)" Error in thread 139835817035840 : "QLocalSocket::connectToServer: Invalid name"
Object::connect: No such slot TaskManager::GroupManager::taskDestroyed(QObject*)
Xlib:  extension "VMWARE_CTRL" missing on display ":4".
Object::connect: No such slot TaskManager::GroupManager::taskDestroyed(QObject*)

Fri Apr 13 13:29:12 2018
 Connections: accepted: 137.202.215.198::60952
 SConnection: Client needs protocol version 3.8
 SConnection: Client requests security type VncAuth(2)

Fri Apr 13 13:29:16 2018
 VNCSConnST:  Server default pixel format depth 24 (32bpp) little-endian rgb888
 VNCSConnST:  Client pixel format depth 6 (8bpp) rgb222

Fri Apr 13 13:29:17 2018
 VNCSConnST:  Client pixel format depth 24 (32bpp) little-endian rgb888
Object::connect: No such slot TaskManager::GroupManager::taskDestroyed(QObject*)
Object::connect: No such slot TaskManager::GroupManager::taskDestroyed(QObject*)
Object::connect: No such slot TaskManager::GroupManager::taskDestroyed(QObject*)
Object::connect: No such slot TaskManager::GroupManager::taskDestroyed(QObject*)
Object::connect: No such slot TaskManager::GroupManager::taskDestroyed(QObject*)

Fri Apr 13 13:51:29 2018
 Connections: closed: 137.202.215.198::60952 (Clean disconnection)
 SMsgWriter:  framebuffer updates 3876
 SMsgWriter:    hextile rects 8467, bytes 22985783
 SMsgWriter:    ZRLE rects 2, bytes 1062321
 SMsgWriter:    raw bytes equivalent 165808056, compression ratio 6.894849

Fri Apr 13 18:44:56 2018
 Connections: accepted: 137.202.215.140::60360
 SConnection: Client needs protocol version 3.8
 SConnection: Client requests security type VncAuth(2)

Fri Apr 13 18:45:02 2018
 VNCSConnST:  Server default pixel format depth 24 (32bpp) little-endian rgb888
 VNCSConnST:  Client pixel format depth 24 (32bpp) little-endian rgb888
 VNCSConnST:  Client pixel format depth 24 (32bpp) little-endian rgb888

Mon Jun  4 15:46:57 2018
 Connections: accepted: 137.202.215.165::49858
 SConnection: Client needs protocol version 3.8
 SConnection: Client requests security type VncAuth(2)

Mon Jun  4 15:46:59 2018
 VNCSConnST:  Server default pixel format depth 24 (32bpp) little-endian rgb888
 VNCSConnST:  Client pixel format depth 24 (32bpp) little-endian rgb888

Mon Jun  4 15:47:02 2018
 VNCSConnST:  Client pixel format depth 24 (32bpp) little-endian rgb888

Mon Jun  4 15:47:06 2018
 Connections: closed: 137.202.215.165::49858 (Clean disconnection)
 SMsgWriter:  framebuffer updates 15
 SMsgWriter:    hextile rects 10, bytes 724697
 SMsgWriter:    ZRLE rects 2, bytes 159865
 SMsgWriter:    raw bytes equivalent 16599376, compression ratio 18.765644
