_XSERVTransmkdir: Owner of /tmp/.X11-unix should be set to root

Xvnc TigerVNC 1.1.0 - built Oct 30 2014 12:46:27
Copyright (C) 1999-2011 TigerVNC Team and many others (see README.txt)
See http://www.tigervnc.org for information on TigerVNC.
Underlying X server release 11500000, The X.Org Foundation

Initializing built-in extension Generic Event Extension
Initializing built-in extension SHAPE
Initializing built-in extension MIT-SHM
Initializing built-in extension XInputExtension
Initializing built-in extension XTEST
Initializing built-in extension BIG-REQUESTS
Initializing built-in extension SYNC
Initializing built-in extension XKEYBOARD
Initializing built-in extension XC-MISC
Initializing built-in extension XFIXES
Initializing built-in extension RENDER
Initializing built-in extension RANDR
Initializing built-in extension DAMAGE
Initializing built-in extension MIT-SCREEN-SAVER
Initializing built-in extension DOUBLE-BUFFER
Initializing built-in extension RECORD
Initializing built-in extension DPMS
Initializing built-in extension X-Resource
Initializing built-in extension XVideo
Initializing built-in extension XVideo-MotionCompensation
Initializing built-in extension VNC-EXTENSION
Initializing built-in extension GLX

Fri Mar 30 12:17:42 2018
 vncext:      VNC extension running!
 vncext:      Listening for VNC connections on all interface(s), port 5903
 vncext:      created VNC server for screen 0
MainThread 2018/03/30 12:17:46.2532 (sabayon-apply): No profile for user 'vinays' found
No profile for user 'vinays' found
MainThread 2018/03/30 12:17:46.2535 (sabayon-apply): Fatal exception!  Exiting abnormally.
MainThread 2018/03/30 12:17:46.2540 (sabayon-apply): Traceback (most recent call last):
  File "/usr/sbin/sabayon-apply", line 149, in <module>
    sys.exit (util.EXIT_CODE_NO_USER_PROFILE)
SystemExit: 3

===== BEGIN MILESTONES (/usr/sbin/sabayon-apply) =====
MainThread 2018/03/30 12:17:46.2532 (sabayon-apply): No profile for user 'vinays' found
MainThread 2018/03/30 12:17:46.2535 (sabayon-apply): Fatal exception!  Exiting abnormally.
MainThread 2018/03/30 12:17:46.2540 (sabayon-apply): Traceback (most recent call last):
  File "/usr/sbin/sabayon-apply", line 149, in <module>
    sys.exit (util.EXIT_CODE_NO_USER_PROFILE)
SystemExit: 3

===== END MILESTONES (/usr/sbin/sabayon-apply) =====
===== BEGIN RING BUFFER (/usr/sbin/sabayon-apply) =====
MainThread 2018/03/30 12:17:46.2532 (sabayon-apply): No profile for user 'vinays' found
MainThread 2018/03/30 12:17:46.2535 (sabayon-apply): Fatal exception!  Exiting abnormally.
MainThread 2018/03/30 12:17:46.2540 (sabayon-apply): Traceback (most recent call last):
  File "/usr/sbin/sabayon-apply", line 149, in <module>
    sys.exit (util.EXIT_CODE_NO_USER_PROFILE)
SystemExit: 3

===== END RING BUFFER (/usr/sbin/sabayon-apply) =====


This configuration for the debug log can be re-created
by putting the following in ~//etc/sabayon/sabayon-debug-log.conf
(use ';' to separate domain names):

[debug log]
max lines = 1000
cat: "/home/vinays/.gpg-agent-info": No such file or directory
/etc/kde/env/gpg-agent-startup.sh: line 25: "/home/vinays/.gpg-agent-info": No such file or directory
export CLICOLOR="1"
export CSCOPE_EDITOR="vim"
export CVSROOT="/home/rtlc/RTLCROOT"
export CVS_RSH="ssh"
export DBUS_SESSION_BUS_ADDRESS="unix:abstract=/tmp/dbus-lNQLwvhpiV,guid=8fda9250cda18de41087d1d30002d95b"
export DISPLAY=":3"
export EDITOR="emacs"
export GCC_LD_LIBRARY_PATH="/usr/local/lib64:/usr/local/lib"
export GPG_AGENT_INFO="/tmp/seahorse-lzjfuT/S.gpg-agent:18625:1;"
export GROUP="rtlc_grp"
export GTK_IM_MODULE="gtk-im-context-simple"
export G_BROKEN_FILENAMES="1"
export HISTCONTROL="erasedups:ignoredups:ignorespace"
export HISTFILESIZE="10000"
export HISTSIZE="500"
export HOME="/home/vinays"
export HOST="inn-vinays-vm"
export HOSTNAME="inn-vinays-vm"
export HOSTTYPE="x86_64-linux"
export IMSETTINGS_INTEGRATE_DESKTOP="yes"
export IMSETTINGS_MODULE="none"
export India_server="1"
export KDEDIRS="/usr"
export KDE_IS_PRELINKED="1"
export LANG="en_US.UTF-8"
export LESSOPEN="||/usr/bin/lesspipe.sh %s"
export LESS_TERMCAP_mb="[01;31m"
export LESS_TERMCAP_md="[01;31m"
export LESS_TERMCAP_me="[0m"
export LESS_TERMCAP_se="[0m"
export LESS_TERMCAP_so="[01;44;33m"
export LESS_TERMCAP_ue="[0m"
export LESS_TERMCAP_us="[01;32m"
export LOGNAME="vinays"
export LS_COLORS="no=00:fi=00:di=00;34:ln=01;36:pi=40;33:so=01;35:do=01;35:bd=40;33;01:cd=40;33;01:or=40;31;01:ex=01;32:*.tar=01;31:*.tgz=01;31:*.arj=01;31:*.taz=01;31:*.lzh=01;31:*.zip=01;31:*.z=01;31:*.Z=01;31:*.gz=01;31:*.bz2=01;31:*.deb=01;31:*.rpm=01;31:*.jar=01;31:*.jpg=01;35:*.jpeg=01;35:*.gif=01;35:*.bmp=01;35:*.pbm=01;35:*.pgm=01;35:*.ppm=01;35:*.tga=01;35:*.xbm=01;35:*.xpm=01;35:*.tif=01;35:*.tiff=01;35:*.png=01;35:*.mov=01;35:*.mpg=01;35:*.mpeg=01;35:*.avi=01;35:*.fli=01;35:*.gl=01;35:*.dl=01;35:*.xcf=01;35:*.xwd=01;35:*.ogg=01;35:*.mp3=01;35:*.wav=01;35:*.xml=00;31:"
export MACHTYPE="x86_64"
export MAIL="/var/spool/mail/vinays"
export MBOX="/home/vinays/Mail/mbox"
export OLDPWD
export OSTYPE="linux"
export PATH="/in/tcl/tkdiff/4.2:/in/emacs/25.2/Linux6/x86_64/bin:/usr/sbin/bin:/usr/bin:/usr/local/bin:/usr/X11R6/bin:.:/sbin:/home/vinays/public/util_scripts:/usr/kerberos/sbin:/usr/kerberos/bin:/usr/sbin:/bin:/usr/bin:/usr/local/bin:/usr/X11R6/bin:.:/sbin:/home/vinays/public/util_scripts:/usr/local/sbin"
export PRINTER="hp-in11"
export PWD="/home/vinays"
export QTDIR="/usr/lib64/qt-3.3"
export QTINC="/usr/lib64/qt-3.3/include"
export QTLIB="/usr/lib64/qt-3.3/lib"
export QT_IM_MODULE="xim"
export REMOTEHOST="137.202.215.198"
export SB="/in/TBX_SANDBOXES/vinays"
export SHELL="/bin/bash"
export SHLVL="4"
export SSH_AGENT_PID="18642"
export SSH_ASKPASS="/usr/libexec/openssh/gnome-ssh-askpass"
export SSH_AUTH_SOCK="/tmp/ssh-OKwFN18641/agent.18641"
export TERM="ansi"
export USER="vinays"
export VENDOR="unknown"
export VISUAL="nano"
export VNCDESKTOP="inn-vinays-vm:3 (vinays)"
export VOB_ROOT="/home/vinays/.emacs.d"
export VSB="/in/TBX_SANDBOXES/vinays/vps_sandbox"
export XCURSOR_THEME="default"
export XDG_DATA_DIRS="/usr/share/kde-settings/kde-profile/default/share:/usr/local/share:/usr/share"
export XDG_MENU_PREFIX="kde4-"
export XDG_SESSION_COOKIE="1a3c2126f5130b2b23cfc2ec00000010-1522392466.368581-957983795"
export XENVIRONMENT="/home/vinays/.Xdefaults"
export XMODIFIERS="@im=none"
export backslash_quote="1"
startkde: Starting up...
Connecting to deprecated signal QDBusConnectionInterface::serviceOwnerChanged(QString,QString,QString)
kbuildsycoca4 running...
Connecting to deprecated signal QDBusConnectionInterface::serviceOwnerChanged(QString,QString,QString)
Invalid D-BUS member name 'idle-hint' found in interface 'org.freedesktop.ConsoleKit.Session' while parsing introspection
Invalid D-BUS member name 'is-local' found in interface 'org.freedesktop.ConsoleKit.Session' while parsing introspection
Invalid D-BUS member name 'x11-display-device' found in interface 'org.freedesktop.ConsoleKit.Session' while parsing introspection
Invalid D-BUS member name 'x11-display' found in interface 'org.freedesktop.ConsoleKit.Session' while parsing introspection
Invalid D-BUS member name 'display-device' found in interface 'org.freedesktop.ConsoleKit.Session' while parsing introspection
Invalid D-BUS member name 'remote-host-name' found in interface 'org.freedesktop.ConsoleKit.Session' while parsing introspection
Invalid D-BUS member name 'session-type' found in interface 'org.freedesktop.ConsoleKit.Session' while parsing introspection
Invalid D-BUS member name 'unix-user' found in interface 'org.freedesktop.ConsoleKit.Session' while parsing introspection
QDBusConnection: name 'org.kde.kglobalaccel' had owner '' but we thought it was ':1.11'
<unknown program name>(18740)/ KStartupInfo::createNewStartupId: creating:  "inn-vinays-vm;1522392468;31707;18740_TIME0" : "unnamed app"
kephald starting up 
XRANDR error base:  145 
RRInput mask is set!! 
RandRScreen::loadSettings - adding mode:  247 1920 x 1200 
RandRScreen::loadSettings - adding mode:  248 1920 x 1080 
RandRScreen::loadSettings - adding mode:  249 1600 x 1200 
RandRScreen::loadSettings - adding mode:  250 1680 x 1050 
RandRScreen::loadSettings - adding mode:  251 1400 x 1050 
RandRScreen::loadSettings - adding mode:  252 1360 x 768 
RandRScreen::loadSettings - adding mode:  253 1280 x 1024 
RandRScreen::loadSettings - adding mode:  254 1280 x 960 
RandRScreen::loadSettings - adding mode:  255 1280 x 800 
RandRScreen::loadSettings - adding mode:  256 1280 x 720 
RandRScreen::loadSettings - adding mode:  257 1024 x 768 
RandRScreen::loadSettings - adding mode:  258 800 x 600 
RandRScreen::loadSettings - adding mode:  259 640 x 480 
RandRScreen::loadSettings - adding mode:  260 1900 x 1080 
RandRScreen::loadSettings - adding crtc:  245 
RandRScreen::loadSettings - adding output:  246 
Setting CRTC 245 on output "default" (previous 0 ) 
CRTC outputs: (246) 
Output name: "default" 
Output refresh rate: 60 
Output rect: QRect(0,0 1900x1080) 
Output rotation: 1 
XRandROutputs::init 
  added output  246 
adding an output 0 with geom:  QRect(0,0 1900x1080) 
output: "SCREEN-0" QRect(0,0 1900x1080) 1952543855 true true 
load xml 
connected: 1 
looking for current "SCREEN-0" 
known "*" has score: 0.125 
screen: 0 QRect(0,0 1900x1080) 
looking for a matching configuration... 
connected: 1 
looking for current "SCREEN-0" 
known "*" has score: 0.125 
found outputs, known: false 
activate external configuration!! 
registered the service: true 
screens registered on the bus: true 
outputs registered on the bus: true 
configurations registered on the bus: true 
Connecting to deprecated signal QDBusConnectionInterface::serviceOwnerChanged(QString,QString,QString)
QDBusObjectPath: invalid path ""
Connecting to deprecated signal QDBusConnectionInterface::serviceOwnerChanged(QString,QString,QString)
Connecting to deprecated signal QDBusConnectionInterface::serviceOwnerChanged(QString,QString,QString)
QFont::setPointSize: Point size <= 0 (0), must be greater than 0
QLayout: Attempting to add QLayout "" to QWidget "", which already has a layout
QGraphicsLinearLayout::removeAt: invalid index 0
QGraphicsLinearLayout::removeAt: invalid index 0
Object::connect: No such signal SystemTray::Manager::jobStateChanged(SystemTray::Job*)
Invalid D-BUS interface name 'org.kde.plasma-desktop.PlasmaApp' found while parsing introspection
<unknown program name>(18762)/ kdemain: Xlib XKB extension major= 1  minor= 0
vmware-user: could not open /proc/fs/vmblock/dev

(polkit-gnome-authentication-agent-1:18781): GLib-GObject-WARNING **: cannot register existing type `_PolkitError'

(polkit-gnome-authentication-agent-1:18781): GLib-CRITICAL **: g_once_init_leave: assertion `initialization_value != 0' failed

(krb5-auth-dialog:18776): GLib-GObject-CRITICAL **: Object class GtkSecureEntry doesn't implement property 'editing-canceled' from interface 'GtkCellEditable'

(process:18790): GLib-WARNING **: goption.c:2132: ignoring no-arg, optional-arg or filename flags (8) on option of type 0

(process:18790): GLib-WARNING **: goption.c:2132: ignoring no-arg, optional-arg or filename flags (8) on option of type 0

(process:18790): GLib-WARNING **: goption.c:2132: ignoring no-arg, optional-arg or filename flags (8) on option of type 0
SELinux Troubleshooter: Applet requires SELinux be enabled to run.

** (nm-applet:18778): WARNING **: <WARN>  request_name(): Could not acquire the NetworkManagerUserSettings service.
  Error: (9) Connection ":1.152" is not allowed to own the service "org.freedesktop.NetworkManagerUserSettings" due to security policies in the configuration file

Failure: Module initalization failed
QDBusObjectPath: invalid path ""
Connecting to deprecated signal QDBusConnectionInterface::serviceOwnerChanged(QString,QString,QString)
Connecting to deprecated signal QDBusConnectionInterface::serviceOwnerChanged(QString,QString,QString)
Connecting to deprecated signal QDBusConnectionInterface::serviceOwnerChanged(QString,QString,QString)
"/usr/bin/krunner(18771)" Error in thread 139757956003904 : "org.freedesktop.DBus.Error.ServiceUnknown - The name org.kde.nepomuk.services.nepomukstorage was not provided by any .service files"
"/usr/bin/krunner(18771)" Error in thread 139757956003904 : "QLocalSocket::connectToServer: Invalid name"
Object::connect: No such slot TaskManager::GroupManager::taskDestroyed(QObject*)
Xlib:  extension "VMWARE_CTRL" missing on display ":3".
Object::connect: No such slot TaskManager::GroupManager::taskDestroyed(QObject*)

Fri Mar 30 12:17:59 2018
 Connections: accepted: 137.202.215.198::50139
 SConnection: Client needs protocol version 3.8
 SConnection: Client requests security type VncAuth(2)

Fri Mar 30 12:18:07 2018
 VNCSConnST:  Server default pixel format depth 24 (32bpp) little-endian rgb888
 VNCSConnST:  Client pixel format depth 6 (8bpp) rgb222
 VNCSConnST:  Client pixel format depth 24 (32bpp) little-endian rgb888
Object::connect: No such slot TaskManager::GroupManager::taskDestroyed(QObject*)
Object::connect: No such slot TaskManager::GroupManager::taskDestroyed(QObject*)
Object::connect: No such slot TaskManager::GroupManager::taskDestroyed(QObject*)
Object::connect: No such slot TaskManager::GroupManager::taskDestroyed(QObject*)
Object::connect: No such slot TaskManager::GroupManager::taskDestroyed(QObject*)

Fri Mar 30 14:43:34 2018
 Connections: accepted: 137.202.214.218::60635
 SConnection: Client needs protocol version 3.8
 SConnection: Client requests security type VncAuth(2)

Fri Mar 30 14:43:37 2018
 VNCSConnST:  Server default pixel format depth 24 (32bpp) little-endian rgb888
 VNCSConnST:  Client pixel format depth 24 (32bpp) little-endian rgb888
 VNCSConnST:  Client pixel format depth 24 (32bpp) little-endian rgb888

Fri Mar 30 14:44:01 2018
 Connections: closed: 137.202.214.218::60635 (Clean disconnection)
 SMsgWriter:  framebuffer updates 245
 SMsgWriter:    hextile rects 3349, bytes 8677042
 SMsgWriter:    ZRLE rects 2, bytes 80730
 SMsgWriter:    raw bytes equivalent 67519884, compression ratio 7.709710

Fri Mar 30 14:49:45 2018
 Connections: accepted: 137.202.214.218::60870
 SConnection: Client needs protocol version 3.8
 SConnection: Client requests security type VncAuth(2)

Fri Mar 30 14:49:47 2018
 VNCSConnST:  Server default pixel format depth 24 (32bpp) little-endian rgb888
 VNCSConnST:  Client pixel format depth 24 (32bpp) little-endian rgb888
 VNCSConnST:  Client pixel format depth 24 (32bpp) little-endian rgb888
Object::connect: No such slot TaskManager::GroupManager::taskDestroyed(QObject*)
Object::disconnect: Unexpected null parameter
QGraphicsScene::removeItem: cannot remove 0-item

Fri Mar 30 14:50:20 2018
 Connections: closed: 137.202.214.218::60870 (Clean disconnection)
 SMsgWriter:  framebuffer updates 136
 SMsgWriter:    copyRect rects 1, bytes 16
 SMsgWriter:    hextile rects 586, bytes 1915064
 SMsgWriter:    ZRLE rects 2, bytes 166056
 SMsgWriter:    raw bytes equivalent 28525900, compression ratio 13.706994

Fri Mar 30 19:29:33 2018
 Connections: accepted: 134.86.245.105::58854
 SConnection: Client needs protocol version 3.8
 SConnection: Client requests security type VncAuth(2)
 VNCSConnST:  Server default pixel format depth 24 (32bpp) little-endian rgb888
 VNCSConnST:  Client pixel format depth 6 (8bpp) rgb222
 VNCSConnST:  Client pixel format depth 24 (32bpp) little-endian rgb888

Fri Mar 30 19:43:18 2018
 Connections: closed: 137.202.215.198::50139 (read: Connection timed out (110))
 SMsgWriter:  framebuffer updates 57001
 SMsgWriter:    copyRect rects 5, bytes 80
 SMsgWriter:    hextile rects 151289, bytes 283191039
 SMsgWriter:    ZRLE rects 2, bytes 768062
 SMsgWriter:    raw bytes equivalent 1672454552, compression ratio 5.889773

Fri Mar 30 19:47:36 2018
 Connections: closed: 134.86.245.105::58854 (read: Connection timed out (110))
 SMsgWriter:  framebuffer updates 298
 SMsgWriter:    ZRLE rects 300, bytes 134161
 SMsgWriter:    raw bytes equivalent 10428276, compression ratio 77.729564

Mon Apr  2 10:59:16 2018
 Connections: accepted: 137.202.215.198::59493
 SConnection: Client needs protocol version 3.8
 SConnection: Client requests security type VncAuth(2)
 VNCSConnST:  Server default pixel format depth 24 (32bpp) little-endian rgb888
 VNCSConnST:  Client pixel format depth 6 (8bpp) rgb222
 VNCSConnST:  Client pixel format depth 24 (32bpp) little-endian rgb888

Mon Apr  2 11:17:39 2018
 Connections: closed: 137.202.215.198::59493 (read: Connection reset by peer
              (104))
 SMsgWriter:  framebuffer updates 2275
 SMsgWriter:    hextile rects 2302, bytes 339947
 SMsgWriter:    ZRLE rects 4, bytes 125464
 SMsgWriter:    raw bytes equivalent 12293260, compression ratio 26.413772

Mon Apr  2 11:17:50 2018
 Connections: accepted: 137.202.215.198::55663
 SConnection: Client needs protocol version 3.8
 SConnection: Client requests security type VncAuth(2)
 VNCSConnST:  Server default pixel format depth 24 (32bpp) little-endian rgb888
 VNCSConnST:  Client pixel format depth 6 (8bpp) rgb222
 VNCSConnST:  Client pixel format depth 24 (32bpp) little-endian rgb888
Object::connect: No such slot TaskManager::GroupManager::taskDestroyed(QObject*)

Mon Apr  2 18:41:39 2018
 Connections: closed: 137.202.215.198::55663 (read: Connection timed out (110))
 SMsgWriter:  framebuffer updates 52223
 SMsgWriter:    hextile rects 67842, bytes 40095982
 SMsgWriter:    ZRLE rects 3, bytes 124411
 SMsgWriter:    raw bytes equivalent 261829696, compression ratio 6.509874

Tue Apr  3 10:46:16 2018
 Connections: accepted: 137.202.215.198::59341
 SConnection: Client needs protocol version 3.8
 SConnection: Client requests security type VncAuth(2)
 VNCSConnST:  Server default pixel format depth 24 (32bpp) little-endian rgb888
 VNCSConnST:  Client pixel format depth 6 (8bpp) rgb222
 VNCSConnST:  Client pixel format depth 24 (32bpp) little-endian rgb888
Object::connect: No such slot TaskManager::GroupManager::taskDestroyed(QObject*)

Tue Apr  3 13:14:44 2018
 Connections: accepted: 134.86.244.67::54044
 SConnection: Client needs protocol version 3.8
 SConnection: Client requests security type VncAuth(2)

Tue Apr  3 13:14:47 2018
 VNCSConnST:  Server default pixel format depth 24 (32bpp) little-endian rgb888

Tue Apr  3 13:14:48 2018
 VNCSConnST:  Client pixel format depth 24 (32bpp) little-endian rgb888
 VNCSConnST:  Client pixel format depth 24 (32bpp) little-endian rgb888

Tue Apr  3 13:17:13 2018
 Connections: closed: 134.86.244.67::54044 (Clean disconnection)
 SMsgWriter:  framebuffer updates 430
 SMsgWriter:    hextile rects 2827, bytes 9183537
 SMsgWriter:    ZRLE rects 2, bytes 184893
 SMsgWriter:    raw bytes equivalent 60179024, compression ratio 6.423598
Object::connect: No such slot TaskManager::GroupManager::taskDestroyed(QObject*)
Object::disconnect: Unexpected null parameter
QGraphicsScene::removeItem: cannot remove 0-item
Object::connect: No such slot TaskManager::GroupManager::taskDestroyed(QObject*)

Tue Apr  3 13:42:21 2018
 Connections: accepted: 134.86.244.67::61955
 SConnection: Client needs protocol version 3.8
 SConnection: Client requests security type VncAuth(2)

Tue Apr  3 13:42:23 2018
 VNCSConnST:  Server default pixel format depth 24 (32bpp) little-endian rgb888

Tue Apr  3 13:42:24 2018
 VNCSConnST:  Client pixel format depth 24 (32bpp) little-endian rgb888
 VNCSConnST:  Client pixel format depth 24 (32bpp) little-endian rgb888

Tue Apr  3 13:44:44 2018
 Connections: closed: 134.86.244.67::61955 (Clean disconnection)
 SMsgWriter:  framebuffer updates 517
 SMsgWriter:    hextile rects 6084, bytes 18166822
 SMsgWriter:    ZRLE rects 2, bytes 242589
 SMsgWriter:    raw bytes equivalent 110731596, compression ratio 6.014945
Object::connect: No such slot TaskManager::GroupManager::taskDestroyed(QObject*)
Object::connect: No such slot TaskManager::GroupManager::taskDestroyed(QObject*)
Object::disconnect: Unexpected null parameter
QGraphicsScene::removeItem: cannot remove 0-item
Object::connect: No such slot TaskManager::GroupManager::taskDestroyed(QObject*)
Object::connect: No such slot TaskManager::GroupManager::taskDestroyed(QObject*)
Object::disconnect: Unexpected null parameter
QGraphicsScene::removeItem: cannot remove 0-item
Object::connect: No such slot TaskManager::GroupManager::taskDestroyed(QObject*)
Object::disconnect: Unexpected null parameter
QGraphicsScene::removeItem: cannot remove 0-item

Tue Apr  3 18:41:52 2018
 Connections: closed: 137.202.215.198::59341 (read: Connection timed out (110))
 SMsgWriter:  framebuffer updates 61737
 SMsgWriter:    raw rects 1, bytes 17112
 SMsgWriter:    copyRect rects 38, bytes 608
 SMsgWriter:    hextile rects 259539, bytes 646586687
 SMsgWriter:    ZRLE rects 4, bytes 81536
 SMsgWriter:    raw bytes equivalent -869435888, compression ratio -1.344450

Wed Apr  4 11:17:14 2018
 Connections: accepted: 137.202.215.198::62634
 SConnection: Client needs protocol version 3.8
 SConnection: Client requests security type VncAuth(2)
 VNCSConnST:  Server default pixel format depth 24 (32bpp) little-endian rgb888
 VNCSConnST:  Client pixel format depth 6 (8bpp) rgb222
 VNCSConnST:  Client pixel format depth 24 (32bpp) little-endian rgb888

Wed Apr  4 11:17:43 2018
 Connections: closed: 137.202.215.198::62634 (read: Connection reset by peer
              (104))
 SMsgWriter:  framebuffer updates 60
 SMsgWriter:    hextile rects 59, bytes 1041
 SMsgWriter:    ZRLE rects 4, bytes 177304
 SMsgWriter:    raw bytes equivalent 10290408, compression ratio 57.699448

Wed Apr  4 11:37:45 2018
 Connections: accepted: 137.202.215.198::65322
 SConnection: Client needs protocol version 3.8
 SConnection: Client requests security type VncAuth(2)
 VNCSConnST:  Server default pixel format depth 24 (32bpp) little-endian rgb888
 VNCSConnST:  Client pixel format depth 6 (8bpp) rgb222
 VNCSConnST:  Client pixel format depth 24 (32bpp) little-endian rgb888
Object::connect: No such slot TaskManager::GroupManager::taskDestroyed(QObject*)
Object::disconnect: Unexpected null parameter
QGraphicsScene::removeItem: cannot remove 0-item

Wed Apr  4 18:46:41 2018
 Connections: accepted: 137.202.215.204::6973
 SConnection: Client needs protocol version 3.8
 SConnection: Client requests security type VncAuth(2)

Wed Apr  4 18:46:43 2018
 VNCSConnST:  Server default pixel format depth 24 (32bpp) little-endian rgb888
 VNCSConnST:  Client pixel format depth 24 (32bpp) little-endian rgb888
 VNCSConnST:  Client pixel format depth 24 (32bpp) little-endian rgb888

Wed Apr  4 18:52:56 2018
 Connections: closed: 137.202.215.204::6973 (read: Connection reset by peer
              (104))
 SMsgWriter:  framebuffer updates 1631
 SMsgWriter:    copyRect rects 1, bytes 16
 SMsgWriter:    hextile rects 36751, bytes 85834626
 SMsgWriter:    ZRLE rects 2, bytes 164021
 SMsgWriter:    raw bytes equivalent 537994484, compression ratio 6.255848

Wed Apr  4 19:59:47 2018
 Connections: closed: 137.202.215.198::65322 (read: Connection timed out (110))
 SMsgWriter:  framebuffer updates 66945
 SMsgWriter:    copyRect rects 37, bytes 592
 SMsgWriter:    hextile rects 282969, bytes 802762479
 SMsgWriter:    ZRLE rects 3, bytes 177493
 SMsgWriter:    raw bytes equivalent -106461988, compression ratio -0.132590

Thu Apr  5 11:48:51 2018
 Connections: accepted: 137.202.215.198::53920
 SConnection: Client needs protocol version 3.8
 SConnection: Client requests security type VncAuth(2)
 VNCSConnST:  Server default pixel format depth 24 (32bpp) little-endian rgb888
 VNCSConnST:  Client pixel format depth 6 (8bpp) rgb222
 VNCSConnST:  Client pixel format depth 24 (32bpp) little-endian rgb888
Object::connect: No such slot TaskManager::GroupManager::taskDestroyed(QObject*)

Thu Apr  5 15:29:44 2018
 Connections: accepted: 137.202.215.193::50296
 SConnection: Client needs protocol version 3.8
 SConnection: Client requests security type VncAuth(2)

Thu Apr  5 15:29:47 2018
 VNCSConnST:  Server default pixel format depth 24 (32bpp) little-endian rgb888
 VNCSConnST:  Client pixel format depth 24 (32bpp) little-endian rgb888

Thu Apr  5 16:24:05 2018
 Connections: accepted: 137.202.215.193::62977

Thu Apr  5 16:24:33 2018
 SConnection: Client needs protocol version 3.8
 SConnection: Client requests security type VncAuth(2)
 VNCSConnST:  Server default pixel format depth 24 (32bpp) little-endian rgb888

Thu Apr  5 16:27:18 2018
 VNCSConnST:  Client pixel format depth 24 (32bpp) little-endian rgb888
 VNCSConnST:  Client pixel format depth 24 (32bpp) little-endian rgb888

Thu Apr  5 17:03:39 2018
 Connections: closed: 137.202.215.193::50296 (read: Connection reset by peer
              (104))
 SMsgWriter:  framebuffer updates 1575
 SMsgWriter:    hextile rects 19389, bytes 28145592
 SMsgWriter:    raw bytes equivalent 193323364, compression ratio 6.868691

Thu Apr  5 17:30:50 2018
 Connections: closed: 137.202.215.193::62977 (Clean disconnection)
 SMsgWriter:  framebuffer updates 5
 SMsgWriter:    hextile rects 25, bytes 1658159
 SMsgWriter:    raw bytes equivalent 16146460, compression ratio 9.737582

Thu Apr  5 19:41:19 2018
 Connections: closed: 137.202.215.198::53920 (read: Connection timed out (110))
 SMsgWriter:  framebuffer updates 58891
 SMsgWriter:    copyRect rects 220, bytes 3520
 SMsgWriter:    hextile rects 156414, bytes 253717464
 SMsgWriter:    ZRLE rects 4, bytes 180579
 SMsgWriter:    raw bytes equivalent 1751953600, compression ratio 6.900225

Fri Apr  6 11:14:58 2018
 Connections: accepted: 137.202.215.198::55547
 SConnection: Client needs protocol version 3.8
 SConnection: Client requests security type VncAuth(2)
 VNCSConnST:  Server default pixel format depth 24 (32bpp) little-endian rgb888
 VNCSConnST:  Client pixel format depth 6 (8bpp) rgb222
 VNCSConnST:  Client pixel format depth 24 (32bpp) little-endian rgb888

Fri Apr  6 13:24:42 2018
 Connections: accepted: 137.202.215.204::4810
 SConnection: Client needs protocol version 3.8
 SConnection: Client requests security type VncAuth(2)

Fri Apr  6 13:24:45 2018
 VNCSConnST:  Server default pixel format depth 24 (32bpp) little-endian rgb888
 VNCSConnST:  Client pixel format depth 24 (32bpp) little-endian rgb888
 VNCSConnST:  Client pixel format depth 24 (32bpp) little-endian rgb888

Fri Apr  6 13:32:21 2018
 Connections: closed: 137.202.215.198::55547 (Clean disconnection)
 SMsgWriter:  framebuffer updates 20785
 SMsgWriter:    copyRect rects 8, bytes 128
 SMsgWriter:    hextile rects 99751, bytes 183213935
 SMsgWriter:    ZRLE rects 4, bytes 179627
 SMsgWriter:    raw bytes equivalent 1071353000, compression ratio 5.841824

Fri Apr  6 17:52:38 2018
 Connections: closed: 137.202.215.204::4810 (Clean disconnection)
 SMsgWriter:  framebuffer updates 36349
 SMsgWriter:    copyRect rects 8, bytes 128
 SMsgWriter:    hextile rects 181532, bytes 519933914
 SMsgWriter:    ZRLE rects 2, bytes 217722
 SMsgWriter:    raw bytes equivalent -1654286908, compression ratio -3.180394

Thu Apr 12 11:40:27 2018
 Connections: accepted: 137.202.215.204::10776
 SConnection: Client needs protocol version 3.8
 SConnection: Client requests security type VncAuth(2)

Thu Apr 12 11:40:30 2018
 VNCSConnST:  Server default pixel format depth 24 (32bpp) little-endian rgb888
 VNCSConnST:  Client pixel format depth 24 (32bpp) little-endian rgb888
 VNCSConnST:  Client pixel format depth 24 (32bpp) little-endian rgb888
Object::connect: No such slot TaskManager::GroupManager::taskDestroyed(QObject*)
Object::connect: No such slot TaskManager::GroupManager::taskDestroyed(QObject*)
Object::connect: No such slot TaskManager::GroupManager::taskDestroyed(QObject*)
Object::connect: No such slot TaskManager::GroupManager::taskDestroyed(QObject*)

Thu Apr 12 12:02:01 2018
 Connections: accepted: 137.202.215.193::64507
 SConnection: Client needs protocol version 3.8
 SConnection: Client requests security type VncAuth(2)

Thu Apr 12 12:02:04 2018
 VNCSConnST:  Server default pixel format depth 24 (32bpp) little-endian rgb888
 VNCSConnST:  Client pixel format depth 24 (32bpp) little-endian rgb888

Thu Apr 12 13:04:42 2018
 Connections: closed: 137.202.215.193::64507 (Clean disconnection)
 SMsgWriter:  framebuffer updates 490
 SMsgWriter:    hextile rects 518, bytes 1151237
 SMsgWriter:    raw bytes equivalent 16716700, compression ratio 14.520642

Thu Apr 12 18:16:22 2018
 Connections: closed: 137.202.215.204::10776 (Clean disconnection)
 SMsgWriter:  framebuffer updates 58698
 SMsgWriter:    copyRect rects 26, bytes 416
 SMsgWriter:    hextile rects 770799, bytes 1946506233
 SMsgWriter:    ZRLE rects 2, bytes 108388
 SMsgWriter:    raw bytes equivalent -1328031040, compression ratio -0.682226

Thu Apr 12 18:16:33 2018
 Connections: accepted: 137.202.215.204::7404
 SConnection: Client needs protocol version 3.8
 SConnection: Client requests security type VncAuth(2)

Thu Apr 12 18:16:35 2018
 VNCSConnST:  Server default pixel format depth 24 (32bpp) little-endian rgb888
 VNCSConnST:  Client pixel format depth 24 (32bpp) little-endian rgb888

Thu Apr 12 18:16:36 2018
 VNCSConnST:  Client pixel format depth 24 (32bpp) little-endian rgb888

Thu Apr 12 18:19:38 2018
 Connections: accepted: 137.202.215.198::58619
 SConnection: Client needs protocol version 3.8
 SConnection: Client requests security type VncAuth(2)
 VNCSConnST:  Server default pixel format depth 24 (32bpp) little-endian rgb888
 VNCSConnST:  Client pixel format depth 6 (8bpp) rgb222
 VNCSConnST:  Client pixel format depth 24 (32bpp) little-endian rgb888

Thu Apr 12 18:20:39 2018
 Connections: closed: 137.202.215.204::7404 (Clean disconnection)
 SMsgWriter:  framebuffer updates 1202
 SMsgWriter:    copyRect rects 200, bytes 3200
 SMsgWriter:    hextile rects 5369, bytes 31545177
 SMsgWriter:    ZRLE rects 2, bytes 169235
 SMsgWriter:    raw bytes equivalent 284743764, compression ratio 8.978371
Object::connect: No such slot TaskManager::GroupManager::taskDestroyed(QObject*)

Thu Apr 12 18:34:21 2018
 Connections: accepted: 137.202.215.204::8226
 SConnection: Client needs protocol version 3.8
 SConnection: Client requests security type VncAuth(2)

Thu Apr 12 18:34:24 2018
 VNCSConnST:  Server default pixel format depth 24 (32bpp) little-endian rgb888
 VNCSConnST:  Client pixel format depth 24 (32bpp) little-endian rgb888

Thu Apr 12 18:34:27 2018
 Connections: closed: 137.202.215.204::8226 (read: Connection reset by peer
              (104))
 SMsgWriter:  framebuffer updates 1
 SMsgWriter:    ZRLE rects 2, bytes 143717
 SMsgWriter:    raw bytes equivalent 8208168, compression ratio 57.113410

Thu Apr 12 18:34:52 2018
 Connections: accepted: 137.202.215.204::8230
 SConnection: Client needs protocol version 3.8
 SConnection: Client requests security type VncAuth(2)

Thu Apr 12 18:34:56 2018
 VNCSConnST:  Server default pixel format depth 24 (32bpp) little-endian rgb888
 VNCSConnST:  Client pixel format depth 24 (32bpp) little-endian rgb888

Thu Apr 12 18:35:00 2018
 Connections: closed: 137.202.215.204::8230 (read: Connection reset by peer
              (104))
 SMsgWriter:  framebuffer updates 1
 SMsgWriter:    ZRLE rects 2, bytes 143730
 SMsgWriter:    raw bytes equivalent 8208028, compression ratio 57.107271

Thu Apr 12 18:35:04 2018
 Connections: accepted: 137.202.215.204::8231
 SConnection: Client needs protocol version 3.8
 SConnection: Client requests security type VncAuth(2)
 VNCSConnST:  Server default pixel format depth 24 (32bpp) little-endian rgb888
 VNCSConnST:  Client pixel format depth 24 (32bpp) little-endian rgb888
 VNCSConnST:  Client pixel format depth 24 (32bpp) little-endian rgb888

Thu Apr 12 18:35:06 2018
 Connections: closed: 137.202.215.204::8231 (write: Connection reset by peer
              (104))
 SMsgWriter:  framebuffer updates 1
 SMsgWriter:    ZRLE rects 2, bytes 143712
 SMsgWriter:    raw bytes equivalent 8208028, compression ratio 57.114423

Thu Apr 12 18:35:32 2018
 Connections: accepted: 137.202.216.153::55923
 SConnection: Client needs protocol version 3.8
 SConnection: Client requests security type VncAuth(2)

Thu Apr 12 18:35:34 2018
 VNCSConnST:  Server default pixel format depth 24 (32bpp) little-endian rgb888
 VNCSConnST:  Client pixel format depth 6 (8bpp) rgb222
 VNCSConnST:  Client pixel format depth 16 (16bpp) little-endian rgb565

Thu Apr 12 20:35:55 2018
 Connections: closed: 137.202.215.198::58619 (read: Connection timed out (110))
 SMsgWriter:  framebuffer updates 18785
 SMsgWriter:    hextile rects 144276, bytes 479075851
 SMsgWriter:    ZRLE rects 3, bytes 180099
 SMsgWriter:    raw bytes equivalent -2020893019, compression ratio -4.216730

Fri Apr 13 10:10:52 2018
 Connections: accepted: 137.202.215.198::49154
 SConnection: Client needs protocol version 3.8
 SConnection: Client requests security type VncAuth(2)
 VNCSConnST:  Server default pixel format depth 24 (32bpp) little-endian rgb888
 VNCSConnST:  Client pixel format depth 6 (8bpp) rgb222

Fri Apr 13 10:10:53 2018
 VNCSConnST:  Client pixel format depth 24 (32bpp) little-endian rgb888
Object::connect: No such slot TaskManager::GroupManager::taskDestroyed(QObject*)
Object::connect: No such slot TaskManager::GroupManager::taskDestroyed(QObject*)
Object::disconnect: Unexpected null parameter
QGraphicsScene::removeItem: cannot remove 0-item
Object::connect: No such slot TaskManager::GroupManager::taskDestroyed(QObject*)
Object::disconnect: Unexpected null parameter
QGraphicsScene::removeItem: cannot remove 0-item
Object::connect: No such slot TaskManager::GroupManager::taskDestroyed(QObject*)
Object::disconnect: Unexpected null parameter
QGraphicsScene::removeItem: cannot remove 0-item
Object::connect: No such slot TaskManager::GroupManager::taskDestroyed(QObject*)
Object::disconnect: Unexpected null parameter
QGraphicsScene::removeItem: cannot remove 0-item
Object::connect: No such slot TaskManager::GroupManager::taskDestroyed(QObject*)
Object::disconnect: Unexpected null parameter
QGraphicsScene::removeItem: cannot remove 0-item
Object::connect: No such slot TaskManager::GroupManager::taskDestroyed(QObject*)
Object::disconnect: Unexpected null parameter
QGraphicsScene::removeItem: cannot remove 0-item
Object::connect: No such slot TaskManager::GroupManager::taskDestroyed(QObject*)
Object::disconnect: Unexpected null parameter
QGraphicsScene::removeItem: cannot remove 0-item
Object::connect: No such slot TaskManager::GroupManager::taskDestroyed(QObject*)
Object::disconnect: Unexpected null parameter
QGraphicsScene::removeItem: cannot remove 0-item
Object::connect: No such slot TaskManager::GroupManager::taskDestroyed(QObject*)
Object::disconnect: Unexpected null parameter
QGraphicsScene::removeItem: cannot remove 0-item
Object::connect: No such slot TaskManager::GroupManager::taskDestroyed(QObject*)
Object::disconnect: Unexpected null parameter
QGraphicsScene::removeItem: cannot remove 0-item
Object::connect: No such slot TaskManager::GroupManager::taskDestroyed(QObject*)
Object::disconnect: Unexpected null parameter
QGraphicsScene::removeItem: cannot remove 0-item
Object::connect: No such slot TaskManager::GroupManager::taskDestroyed(QObject*)
Object::disconnect: Unexpected null parameter
QGraphicsScene::removeItem: cannot remove 0-item
Object::connect: No such slot TaskManager::GroupManager::taskDestroyed(QObject*)
Object::disconnect: Unexpected null parameter
QGraphicsScene::removeItem: cannot remove 0-item
Object::connect: No such slot TaskManager::GroupManager::taskDestroyed(QObject*)
Object::disconnect: Unexpected null parameter
QGraphicsScene::removeItem: cannot remove 0-item
Object::connect: No such slot TaskManager::GroupManager::taskDestroyed(QObject*)
Object::connect: No such slot TaskManager::GroupManager::taskDestroyed(QObject*)
Object::connect: No such slot TaskManager::GroupManager::taskDestroyed(QObject*)
Object::disconnect: Unexpected null parameter
QGraphicsScene::removeItem: cannot remove 0-item
Object::connect: No such slot TaskManager::GroupManager::taskDestroyed(QObject*)
Object::disconnect: Unexpected null parameter
QGraphicsScene::removeItem: cannot remove 0-item
Object::connect: No such slot TaskManager::GroupManager::taskDestroyed(QObject*)
Object::disconnect: Unexpected null parameter
QGraphicsScene::removeItem: cannot remove 0-item
Object::connect: No such slot TaskManager::GroupManager::taskDestroyed(QObject*)
Object::disconnect: Unexpected null parameter
QGraphicsScene::removeItem: cannot remove 0-item
Object::connect: No such slot TaskManager::GroupManager::taskDestroyed(QObject*)
Object::disconnect: Unexpected null parameter
QGraphicsScene::removeItem: cannot remove 0-item
Object::connect: No such slot TaskManager::GroupManager::taskDestroyed(QObject*)
Object::disconnect: Unexpected null parameter
QGraphicsScene::removeItem: cannot remove 0-item
Object::connect: No such slot TaskManager::GroupManager::taskDestroyed(QObject*)
Object::disconnect: Unexpected null parameter
QGraphicsScene::removeItem: cannot remove 0-item
Object::connect: No such slot TaskManager::GroupManager::taskDestroyed(QObject*)
Object::disconnect: Unexpected null parameter
QGraphicsScene::removeItem: cannot remove 0-item
Object::connect: No such slot TaskManager::GroupManager::taskDestroyed(QObject*)
Object::disconnect: Unexpected null parameter
QGraphicsScene::removeItem: cannot remove 0-item
Object::connect: No such slot TaskManager::GroupManager::taskDestroyed(QObject*)
Object::disconnect: Unexpected null parameter
QGraphicsScene::removeItem: cannot remove 0-item
Object::connect: No such slot TaskManager::GroupManager::taskDestroyed(QObject*)
Object::disconnect: Unexpected null parameter
QGraphicsScene::removeItem: cannot remove 0-item
Object::connect: No such slot TaskManager::GroupManager::taskDestroyed(QObject*)
Object::disconnect: Unexpected null parameter
QGraphicsScene::removeItem: cannot remove 0-item
Object::connect: No such slot TaskManager::GroupManager::taskDestroyed(QObject*)
Object::disconnect: Unexpected null parameter
QGraphicsScene::removeItem: cannot remove 0-item
Object::connect: No such slot TaskManager::GroupManager::taskDestroyed(QObject*)
Object::disconnect: Unexpected null parameter
QGraphicsScene::removeItem: cannot remove 0-item
Object::connect: No such slot TaskManager::GroupManager::taskDestroyed(QObject*)
Object::disconnect: Unexpected null parameter
QGraphicsScene::removeItem: cannot remove 0-item
Object::connect: No such slot TaskManager::GroupManager::taskDestroyed(QObject*)
Object::connect: No such slot TaskManager::GroupManager::taskDestroyed(QObject*)
Object::disconnect: Unexpected null parameter
QGraphicsScene::removeItem: cannot remove 0-item
Object::connect: No such slot TaskManager::GroupManager::taskDestroyed(QObject*)
Object::disconnect: Unexpected null parameter
QGraphicsScene::removeItem: cannot remove 0-item
Object::connect: No such slot TaskManager::GroupManager::taskDestroyed(QObject*)
Object::disconnect: Unexpected null parameter
QGraphicsScene::removeItem: cannot remove 0-item
Object::connect: No such slot TaskManager::GroupManager::taskDestroyed(QObject*)
Object::disconnect: Unexpected null parameter
QGraphicsScene::removeItem: cannot remove 0-item
Object::connect: No such slot TaskManager::GroupManager::taskDestroyed(QObject*)
Object::disconnect: Unexpected null parameter
QGraphicsScene::removeItem: cannot remove 0-item
Object::connect: No such slot TaskManager::GroupManager::taskDestroyed(QObject*)
Object::disconnect: Unexpected null parameter
QGraphicsScene::removeItem: cannot remove 0-item
Object::connect: No such slot TaskManager::GroupManager::taskDestroyed(QObject*)
Object::disconnect: Unexpected null parameter
QGraphicsScene::removeItem: cannot remove 0-item
Object::connect: No such slot TaskManager::GroupManager::taskDestroyed(QObject*)
Object::disconnect: Unexpected null parameter
QGraphicsScene::removeItem: cannot remove 0-item
Object::connect: No such slot TaskManager::GroupManager::taskDestroyed(QObject*)
Object::disconnect: Unexpected null parameter
QGraphicsScene::removeItem: cannot remove 0-item
Object::connect: No such slot TaskManager::GroupManager::taskDestroyed(QObject*)
Object::disconnect: Unexpected null parameter
QGraphicsScene::removeItem: cannot remove 0-item
Object::connect: No such slot TaskManager::GroupManager::taskDestroyed(QObject*)
Object::disconnect: Unexpected null parameter
QGraphicsScene::removeItem: cannot remove 0-item
Object::connect: No such slot TaskManager::GroupManager::taskDestroyed(QObject*)
Object::disconnect: Unexpected null parameter
QGraphicsScene::removeItem: cannot remove 0-item
Object::connect: No such slot TaskManager::GroupManager::taskDestroyed(QObject*)
Object::disconnect: Unexpected null parameter
QGraphicsScene::removeItem: cannot remove 0-item
Object::connect: No such slot TaskManager::GroupManager::taskDestroyed(QObject*)
Object::disconnect: Unexpected null parameter
QGraphicsScene::removeItem: cannot remove 0-item
Object::connect: No such slot TaskManager::GroupManager::taskDestroyed(QObject*)
Object::disconnect: Unexpected null parameter
QGraphicsScene::removeItem: cannot remove 0-item
Object::connect: No such slot TaskManager::GroupManager::taskDestroyed(QObject*)
Object::connect: No such slot TaskManager::GroupManager::taskDestroyed(QObject*)
Object::disconnect: Unexpected null parameter
QGraphicsScene::removeItem: cannot remove 0-item
Object::connect: No such slot TaskManager::GroupManager::taskDestroyed(QObject*)
Object::disconnect: Unexpected null parameter
QGraphicsScene::removeItem: cannot remove 0-item
Object::connect: No such slot TaskManager::GroupManager::taskDestroyed(QObject*)
Object::disconnect: Unexpected null parameter
QGraphicsScene::removeItem: cannot remove 0-item
Object::connect: No such slot TaskManager::GroupManager::taskDestroyed(QObject*)
Object::disconnect: Unexpected null parameter
QGraphicsScene::removeItem: cannot remove 0-item
Object::connect: No such slot TaskManager::GroupManager::taskDestroyed(QObject*)
Object::disconnect: Unexpected null parameter
QGraphicsScene::removeItem: cannot remove 0-item
Object::connect: No such slot TaskManager::GroupManager::taskDestroyed(QObject*)
Object::disconnect: Unexpected null parameter
QGraphicsScene::removeItem: cannot remove 0-item
Object::connect: No such slot TaskManager::GroupManager::taskDestroyed(QObject*)
Object::disconnect: Unexpected null parameter
QGraphicsScene::removeItem: cannot remove 0-item
Object::connect: No such slot TaskManager::GroupManager::taskDestroyed(QObject*)
Object::disconnect: Unexpected null parameter
QGraphicsScene::removeItem: cannot remove 0-item
Object::connect: No such slot TaskManager::GroupManager::taskDestroyed(QObject*)
Object::disconnect: Unexpected null parameter
QGraphicsScene::removeItem: cannot remove 0-item
Object::connect: No such slot TaskManager::GroupManager::taskDestroyed(QObject*)
Object::disconnect: Unexpected null parameter
QGraphicsScene::removeItem: cannot remove 0-item
Object::connect: No such slot TaskManager::GroupManager::taskDestroyed(QObject*)
Object::disconnect: Unexpected null parameter
QGraphicsScene::removeItem: cannot remove 0-item
Object::connect: No such slot TaskManager::GroupManager::taskDestroyed(QObject*)
Object::disconnect: Unexpected null parameter
QGraphicsScene::removeItem: cannot remove 0-item
Object::connect: No such slot TaskManager::GroupManager::taskDestroyed(QObject*)
Object::disconnect: Unexpected null parameter
QGraphicsScene::removeItem: cannot remove 0-item
Object::connect: No such slot TaskManager::GroupManager::taskDestroyed(QObject*)
Object::disconnect: Unexpected null parameter
QGraphicsScene::removeItem: cannot remove 0-item
Object::connect: No such slot TaskManager::GroupManager::taskDestroyed(QObject*)

Fri Apr 13 12:06:33 2018
 Connections: closed: 137.202.215.198::49154 (Clean disconnection)
 SMsgWriter:  framebuffer updates 16854
 SMsgWriter:    copyRect rects 7249, bytes 115984
 SMsgWriter:    hextile rects 31067, bytes 69550934
 SMsgWriter:    ZRLE rects 5284, bytes 963051
 SMsgWriter:    raw bytes equivalent 915764621, compression ratio 12.986993
Object::connect: No such slot TaskManager::GroupManager::taskDestroyed(QObject*)
Object::connect: No such slot TaskManager::GroupManager::taskDestroyed(QObject*)
Object::disconnect: Unexpected null parameter
QGraphicsScene::removeItem: cannot remove 0-item
Object::connect: No such slot TaskManager::GroupManager::taskDestroyed(QObject*)
Object::disconnect: Unexpected null parameter
QGraphicsScene::removeItem: cannot remove 0-item
Object::connect: No such slot TaskManager::GroupManager::taskDestroyed(QObject*)
Object::disconnect: Unexpected null parameter
QGraphicsScene::removeItem: cannot remove 0-item
Object::connect: No such slot TaskManager::GroupManager::taskDestroyed(QObject*)
Object::disconnect: Unexpected null parameter
QGraphicsScene::removeItem: cannot remove 0-item
Object::connect: No such slot TaskManager::GroupManager::taskDestroyed(QObject*)
Object::disconnect: Unexpected null parameter
QGraphicsScene::removeItem: cannot remove 0-item
Object::connect: No such slot TaskManager::GroupManager::taskDestroyed(QObject*)
Object::disconnect: Unexpected null parameter
QGraphicsScene::removeItem: cannot remove 0-item
Object::connect: No such slot TaskManager::GroupManager::taskDestroyed(QObject*)
Object::disconnect: Unexpected null parameter
QGraphicsScene::removeItem: cannot remove 0-item
Object::connect: No such slot TaskManager::GroupManager::taskDestroyed(QObject*)
Object::disconnect: Unexpected null parameter
QGraphicsScene::removeItem: cannot remove 0-item
Object::connect: No such slot TaskManager::GroupManager::taskDestroyed(QObject*)
Object::disconnect: Unexpected null parameter
QGraphicsScene::removeItem: cannot remove 0-item
Object::connect: No such slot TaskManager::GroupManager::taskDestroyed(QObject*)
Object::disconnect: Unexpected null parameter
QGraphicsScene::removeItem: cannot remove 0-item
Object::connect: No such slot TaskManager::GroupManager::taskDestroyed(QObject*)
Object::disconnect: Unexpected null parameter
QGraphicsScene::removeItem: cannot remove 0-item
Object::connect: No such slot TaskManager::GroupManager::taskDestroyed(QObject*)
Object::disconnect: Unexpected null parameter
QGraphicsScene::removeItem: cannot remove 0-item
Object::connect: No such slot TaskManager::GroupManager::taskDestroyed(QObject*)
Object::disconnect: Unexpected null parameter
QGraphicsScene::removeItem: cannot remove 0-item
Object::connect: No such slot TaskManager::GroupManager::taskDestroyed(QObject*)
Object::disconnect: Unexpected null parameter
QGraphicsScene::removeItem: cannot remove 0-item

Mon Apr 16 15:37:08 2018
 Connections: accepted: 137.202.215.193::51783
 SConnection: Client needs protocol version 3.8
 SConnection: Client requests security type VncAuth(2)

Mon Apr 16 15:37:11 2018
 VNCSConnST:  Server default pixel format depth 24 (32bpp) little-endian rgb888
 VNCSConnST:  Client pixel format depth 24 (32bpp) little-endian rgb888

Mon Apr 16 16:16:24 2018
 Connections: closed: 137.202.215.193::51783 (Clean disconnection)
 SMsgWriter:  framebuffer updates 6520
 SMsgWriter:    hextile rects 97292, bytes 198012620
 SMsgWriter:    raw bytes equivalent 1030277108, compression ratio 5.203088

Fri Apr 27 15:32:12 2018
 Connections: closed: 137.202.216.153::55923 (Clean disconnection)
 SMsgWriter:  framebuffer updates 3100126
 SMsgWriter:    copyRect rects 8224, bytes 131584
 SMsgWriter:    hextile rects 5935351, bytes -1789179319
 SMsgWriter:    ZRLE rects 2, bytes 29847
 SMsgWriter:    raw bytes equivalent 221744435, compression ratio -0.123938
