_XSERVTransmkdir: Owner of /tmp/.X11-unix should be set to root

Xvnc TigerVNC 1.1.0 - built Oct 30 2014 12:46:27
Copyright (C) 1999-2011 TigerVNC Team and many others (see README.txt)
See http://www.tigervnc.org for information on TigerVNC.
Underlying X server release 11500000, The X.Org Foundation

Initializing built-in extension Generic Event Extension
Initializing built-in extension SHAPE
Initializing built-in extension MIT-SHM
Initializing built-in extension XInputExtension
Initializing built-in extension XTEST
Initializing built-in extension BIG-REQUESTS
Initializing built-in extension SYNC
Initializing built-in extension XKEYBOARD
Initializing built-in extension XC-MISC
Initializing built-in extension XFIXES
Initializing built-in extension RENDER
Initializing built-in extension RANDR
Initializing built-in extension DAMAGE
Initializing built-in extension MIT-SCREEN-SAVER
Initializing built-in extension DOUBLE-BUFFER
Initializing built-in extension RECORD
Initializing built-in extension DPMS
Initializing built-in extension X-Resource
Initializing built-in extension XVideo
Initializing built-in extension XVideo-MotionCompensation
Initializing built-in extension VNC-EXTENSION
Initializing built-in extension GLX

Wed Mar 28 11:10:07 2018
 vncext:      VNC extension running!
 vncext:      Listening for VNC connections on all interface(s), port 5905
 vncext:      created VNC server for screen 0
MainThread 2018/03/28 11:10:11.0109 (sabayon-apply): No profile for user 'vinays' found
No profile for user 'vinays' found
MainThread 2018/03/28 11:10:11.0112 (sabayon-apply): Fatal exception!  Exiting abnormally.
MainThread 2018/03/28 11:10:11.0116 (sabayon-apply): Traceback (most recent call last):
  File "/usr/sbin/sabayon-apply", line 149, in <module>
    sys.exit (util.EXIT_CODE_NO_USER_PROFILE)
SystemExit: 3

===== BEGIN MILESTONES (/usr/sbin/sabayon-apply) =====
MainThread 2018/03/28 11:10:11.0109 (sabayon-apply): No profile for user 'vinays' found
MainThread 2018/03/28 11:10:11.0112 (sabayon-apply): Fatal exception!  Exiting abnormally.
MainThread 2018/03/28 11:10:11.0116 (sabayon-apply): Traceback (most recent call last):
  File "/usr/sbin/sabayon-apply", line 149, in <module>
    sys.exit (util.EXIT_CODE_NO_USER_PROFILE)
SystemExit: 3

===== END MILESTONES (/usr/sbin/sabayon-apply) =====
===== BEGIN RING BUFFER (/usr/sbin/sabayon-apply) =====
MainThread 2018/03/28 11:10:11.0109 (sabayon-apply): No profile for user 'vinays' found
MainThread 2018/03/28 11:10:11.0112 (sabayon-apply): Fatal exception!  Exiting abnormally.
MainThread 2018/03/28 11:10:11.0116 (sabayon-apply): Traceback (most recent call last):
  File "/usr/sbin/sabayon-apply", line 149, in <module>
    sys.exit (util.EXIT_CODE_NO_USER_PROFILE)
SystemExit: 3

===== END RING BUFFER (/usr/sbin/sabayon-apply) =====


This configuration for the debug log can be re-created
by putting the following in ~//etc/sabayon/sabayon-debug-log.conf
(use ';' to separate domain names):

[debug log]
max lines = 1000
cat: "/home/vinays/.gpg-agent-info": No such file or directory
/etc/kde/env/gpg-agent-startup.sh: line 25: "/home/vinays/.gpg-agent-info": No such file or directory
export CSCOPE_EDITOR="vim"
export CVSROOT="/home/rtlc/RTLCROOT"
export CVS_RSH="ssh"
export DBUS_SESSION_BUS_ADDRESS="unix:abstract=/tmp/dbus-Q3ogudEEh5,guid=72b6452cef69ccb9b959fd2b00002684"
export DISPLAY=":5"
export EDITOR="emacs"
export GCC_LD_LIBRARY_PATH="/usr/local/lib:"
export GPG_AGENT_INFO="/tmp/seahorse-SVmTNw/S.gpg-agent:4433:1;"
export GROUP="rtlc_grp"
export GTK_IM_MODULE="gtk-im-context-simple"
export G_BROKEN_FILENAMES="1"
export HOME="/home/vinays"
export HOST="inn-vinays-vm"
export HOSTNAME="inn-vinays-vm"
export HOSTTYPE="x86_64-linux"
export IMSETTINGS_INTEGRATE_DESKTOP="yes"
export IMSETTINGS_MODULE="none"
export India_server="1"
export KDEDIRS="/usr"
export KDE_IS_PRELINKED="1"
export LANG="en_US.UTF-8"
export LESSOPEN="||/usr/bin/lesspipe.sh %s"
export LOGNAME="vinays"
export LS_COLORS="di=4;35:"
export MACHTYPE="x86_64"
export MAIL="/var/spool/mail/vinays"
export MBOX="/home/vinays/Mail/mbox"
export OLDPWD
export OSTYPE="linux"
export PATH="/usr/sbin:/bin:/usr/bin:/usr/local/bin:/usr/X11R6/bin:.:/sbin:/home/vinays/public/util_scripts"
export PRINTER="hp-in11"
export PWD="/home/vinays"
export QTDIR="/usr/lib64/qt-3.3"
export QTINC="/usr/lib64/qt-3.3/include"
export QTLIB="/usr/lib64/qt-3.3/lib"
export QT_IM_MODULE="xim"
export REMOTEHOST="137.202.215.198"
export SB="/in/TBX_SANDBOXES/vinays"
export SHELL="/bin/csh"
export SHLVL="3"
export SSH_AGENT_PID="4449"
export SSH_ASKPASS="/usr/libexec/openssh/gnome-ssh-askpass"
export SSH_AUTH_SOCK="/tmp/ssh-IEkxLP4446/agent.4446"
export TERM="ansi"
export USER="vinays"
export VENDOR="unknown"
export VNCDESKTOP="inn-vinays-vm:5 (vinays)"
export VOB_ROOT="/home/vinays/.emacs.d"
export XCURSOR_THEME="default"
export XDG_DATA_DIRS="/usr/share/kde-settings/kde-profile/default/share:/usr/local/share:/usr/share"
export XDG_MENU_PREFIX="kde4-"
export XDG_SESSION_COOKIE="1a3c2126f5130b2b23cfc2ec00000010-1522215611.100197-1469905485"
export XENVIRONMENT="/home/vinays/.Xdefaults"
export XMODIFIERS="@im=none"
export backslash_quote="1"
startkde: Starting up...
Connecting to deprecated signal QDBusConnectionInterface::serviceOwnerChanged(QString,QString,QString)
kbuildsycoca4 running...
Connecting to deprecated signal QDBusConnectionInterface::serviceOwnerChanged(QString,QString,QString)
Invalid D-BUS member name 'idle-hint' found in interface 'org.freedesktop.ConsoleKit.Session' while parsing introspection
Invalid D-BUS member name 'is-local' found in interface 'org.freedesktop.ConsoleKit.Session' while parsing introspection
Invalid D-BUS member name 'x11-display-device' found in interface 'org.freedesktop.ConsoleKit.Session' while parsing introspection
Invalid D-BUS member name 'x11-display' found in interface 'org.freedesktop.ConsoleKit.Session' while parsing introspection
Invalid D-BUS member name 'display-device' found in interface 'org.freedesktop.ConsoleKit.Session' while parsing introspection
Invalid D-BUS member name 'remote-host-name' found in interface 'org.freedesktop.ConsoleKit.Session' while parsing introspection
Invalid D-BUS member name 'session-type' found in interface 'org.freedesktop.ConsoleKit.Session' while parsing introspection
Invalid D-BUS member name 'unix-user' found in interface 'org.freedesktop.ConsoleKit.Session' while parsing introspection
QDBusConnection: name 'org.kde.kglobalaccel' had owner '' but we thought it was ':1.11'
<unknown program name>(4548)/ KStartupInfo::createNewStartupId: creating:  "inn-vinays-vm;1522215612;31128;4548_TIME0" : "unnamed app"
kephald starting up 
XRANDR error base:  145 
RRInput mask is set!! 
RandRScreen::loadSettings - adding mode:  247 1920 x 1200 
RandRScreen::loadSettings - adding mode:  248 1920 x 1080 
RandRScreen::loadSettings - adding mode:  249 1600 x 1200 
RandRScreen::loadSettings - adding mode:  250 1680 x 1050 
RandRScreen::loadSettings - adding mode:  251 1400 x 1050 
RandRScreen::loadSettings - adding mode:  252 1360 x 768 
RandRScreen::loadSettings - adding mode:  253 1280 x 1024 
RandRScreen::loadSettings - adding mode:  254 1280 x 960 
RandRScreen::loadSettings - adding mode:  255 1280 x 800 
RandRScreen::loadSettings - adding mode:  256 1280 x 720 
RandRScreen::loadSettings - adding mode:  257 1024 x 768 
RandRScreen::loadSettings - adding mode:  258 800 x 600 
RandRScreen::loadSettings - adding mode:  259 640 x 480 
RandRScreen::loadSettings - adding crtc:  245 
RandRScreen::loadSettings - adding output:  246 
Setting CRTC 245 on output "default" (previous 0 ) 
CRTC outputs: (246) 
Output name: "default" 
Output refresh rate: 60 
Output rect: QRect(0,0 1920x1080) 
Output rotation: 1 
XRandROutputs::init 
  added output  246 
adding an output 0 with geom:  QRect(0,0 1920x1080) 
output: "SCREEN-0" QRect(0,0 1920x1080) 5046340 true false 
load xml 
connected: 1 
looking for current "SCREEN-0" 
known "*" has score: 0.125 
screen: 0 QRect(0,0 1920x1080) 
looking for a matching configuration... 
connected: 1 
looking for current "SCREEN-0" 
known "*" has score: 0.125 
found outputs, known: false 
activate external configuration!! 
registered the service: true 
screens registered on the bus: true 
outputs registered on the bus: true 
configurations registered on the bus: true 
Connecting to deprecated signal QDBusConnectionInterface::serviceOwnerChanged(QString,QString,QString)
Connecting to deprecated signal QDBusConnectionInterface::serviceOwnerChanged(QString,QString,QString)
QDBusObjectPath: invalid path ""
Connecting to deprecated signal QDBusConnectionInterface::serviceOwnerChanged(QString,QString,QString)
QFont::setPointSize: Point size <= 0 (0), must be greater than 0
QLayout: Attempting to add QLayout "" to QWidget "", which already has a layout
QGraphicsLinearLayout::removeAt: invalid index 0
QGraphicsLinearLayout::removeAt: invalid index 0
Object::connect: No such signal SystemTray::Manager::jobStateChanged(SystemTray::Job*)
Invalid D-BUS interface name 'org.kde.plasma-desktop.PlasmaApp' found while parsing introspection
<unknown program name>(4569)/ kdemain: Xlib XKB extension major= 1  minor= 0
vmware-user: could not open /proc/fs/vmblock/dev

(krb5-auth-dialog:4583): GLib-GObject-CRITICAL **: Object class GtkSecureEntry doesn't implement property 'editing-canceled' from interface 'GtkCellEditable'

(polkit-gnome-authentication-agent-1:4587): GLib-GObject-WARNING **: cannot register existing type `_PolkitError'

(polkit-gnome-authentication-agent-1:4587): GLib-CRITICAL **: g_once_init_leave: assertion `initialization_value != 0' failed

(process:4597): GLib-WARNING **: goption.c:2132: ignoring no-arg, optional-arg or filename flags (8) on option of type 0

(process:4597): GLib-WARNING **: goption.c:2132: ignoring no-arg, optional-arg or filename flags (8) on option of type 0

(process:4597): GLib-WARNING **: goption.c:2132: ignoring no-arg, optional-arg or filename flags (8) on option of type 0
SELinux Troubleshooter: Applet requires SELinux be enabled to run.

** (nm-applet:4585): WARNING **: <WARN>  request_name(): Could not acquire the NetworkManagerUserSettings service.
  Error: (9) Connection ":1.68" is not allowed to own the service "org.freedesktop.NetworkManagerUserSettings" due to security policies in the configuration file

QDBusObjectPath: invalid path ""
Connecting to deprecated signal QDBusConnectionInterface::serviceOwnerChanged(QString,QString,QString)
Failure: Module initalization failed
Connecting to deprecated signal QDBusConnectionInterface::serviceOwnerChanged(QString,QString,QString)
Connecting to deprecated signal QDBusConnectionInterface::serviceOwnerChanged(QString,QString,QString)
"/usr/bin/krunner(4579)" Error in thread 140517642569792 : "org.freedesktop.DBus.Error.ServiceUnknown - The name org.kde.nepomuk.services.nepomukstorage was not provided by any .service files"
"/usr/bin/krunner(4579)" Error in thread 140517642569792 : "QLocalSocket::connectToServer: Invalid name"
Xlib:  extension "VMWARE_CTRL" missing on display ":5".
Object::connect: No such slot TaskManager::GroupManager::taskDestroyed(QObject*)

Wed Mar 28 11:10:20 2018
 Connections: accepted: 137.202.215.198::57367
 SConnection: Client needs protocol version 3.8
 SConnection: Client requests security type VncAuth(2)

Wed Mar 28 11:10:29 2018
 VNCSConnST:  Server default pixel format depth 24 (32bpp) little-endian rgb888
 VNCSConnST:  Client pixel format depth 6 (8bpp) rgb222
 VNCSConnST:  Client pixel format depth 24 (32bpp) little-endian rgb888

Wed Mar 28 11:10:35 2018
 Connections: closed: 137.202.215.198::57367 (Clean disconnection)
 SMsgWriter:  framebuffer updates 10
 SMsgWriter:    hextile rects 27, bytes 715679
 SMsgWriter:    ZRLE rects 2, bytes 948236
 SMsgWriter:    raw bytes equivalent 12590180, compression ratio 7.566600
abrt-applet: notifyd doesn't have persistence - showing old style status icon

Mon Jun  4 12:53:59 2018
 Connections: accepted: 137.202.215.198::50641
 SConnection: Client needs protocol version 3.8
 SConnection: Client requests security type VncAuth(2)
 VNCSConnST:  Server default pixel format depth 24 (32bpp) little-endian rgb888
 VNCSConnST:  Client pixel format depth 6 (8bpp) rgb222

Mon Jun  4 12:54:00 2018
 VNCSConnST:  Client pixel format depth 24 (32bpp) little-endian rgb888
Object::connect: No such slot TaskManager::GroupManager::taskDestroyed(QObject*)

Mon Jun  4 12:54:53 2018
 Connections: accepted: 134.86.245.92::58980
 SConnection: Client needs protocol version 3.8
 SConnection: Client requests security type VncAuth(2)

Mon Jun  4 12:54:55 2018
 VNCSConnST:  Server default pixel format depth 24 (32bpp) little-endian rgb888
 VNCSConnST:  Client pixel format depth 24 (32bpp) little-endian rgb888
 VNCSConnST:  Client pixel format depth 24 (32bpp) little-endian rgb888

Mon Jun  4 13:05:51 2018
 Connections: closed: 137.202.215.198::50641 (Clean disconnection)
 SMsgWriter:  framebuffer updates 2613
 SMsgWriter:    hextile rects 16934, bytes 36061093
 SMsgWriter:    ZRLE rects 3, bytes 1051313
 SMsgWriter:    raw bytes equivalent 226483288, compression ratio 6.102630

Mon Jun  4 15:46:48 2018
 Connections: accepted: 137.202.215.165::49844
 SConnection: Client needs protocol version 3.8
 SConnection: Client requests security type VncAuth(2)

Mon Jun  4 15:46:49 2018
 Connections: closed: 134.86.245.92::58980 (Clean disconnection)
 SMsgWriter:  framebuffer updates 18919
 SMsgWriter:    copyRect rects 26, bytes 416
 SMsgWriter:    hextile rects 221154, bytes 716207987
 SMsgWriter:    ZRLE rects 2, bytes 69951
 SMsgWriter:    raw bytes equivalent -396656864, compression ratio -0.553775

Mon Jun  4 15:46:50 2018
 SConnection: AuthFailureException: Authentication failure
 Connections: closed: 137.202.215.165::49844 (Authentication failure)

Mon Jun  4 15:47:19 2018
 Connections: accepted: 137.202.215.165::49878
 SConnection: Client needs protocol version 3.8
 SConnection: Client requests security type VncAuth(2)

Mon Jun  4 15:47:21 2018
 VNCSConnST:  Server default pixel format depth 24 (32bpp) little-endian rgb888
 VNCSConnST:  Client pixel format depth 24 (32bpp) little-endian rgb888
 VNCSConnST:  Client pixel format depth 24 (32bpp) little-endian rgb888

Mon Jun  4 18:29:00 2018
 Connections: closed: 137.202.215.165::49878 (read: Connection timed out (110))
 SMsgWriter:  framebuffer updates 20239
 SMsgWriter:    copyRect rects 117, bytes 1872
 SMsgWriter:    hextile rects 128572, bytes 321868588
 SMsgWriter:    ZRLE rects 2, bytes 145570
 SMsgWriter:    raw bytes equivalent 1818742548, compression ratio 5.648020

Tue Jun  5 10:12:08 2018
 Connections: accepted: 137.202.215.165::65410
 SConnection: Client needs protocol version 3.8
 SConnection: Client requests security type VncAuth(2)

Tue Jun  5 10:12:10 2018
 VNCSConnST:  Server default pixel format depth 24 (32bpp) little-endian rgb888
 VNCSConnST:  Client pixel format depth 24 (32bpp) little-endian rgb888
 VNCSConnST:  Client pixel format depth 24 (32bpp) little-endian rgb888

Tue Jun  5 14:25:39 2018
 Connections: closed: 137.202.215.165::65410 (read: Connection timed out (110))
 SMsgWriter:  framebuffer updates 28724
 SMsgWriter:    copyRect rects 108, bytes 1728
 SMsgWriter:    hextile rects 76956, bytes 155571919
 SMsgWriter:    ZRLE rects 2, bytes 218366
 SMsgWriter:    raw bytes equivalent 866556772, compression ratio 5.562329

Wed Jun  6 11:33:33 2018
 Connections: accepted: 137.202.215.165::50272
 SConnection: Client needs protocol version 3.8
 SConnection: Client requests security type VncAuth(2)

Wed Jun  6 11:33:34 2018
 VNCSConnST:  Server default pixel format depth 24 (32bpp) little-endian rgb888
 VNCSConnST:  Client pixel format depth 24 (32bpp) little-endian rgb888

Wed Jun  6 11:33:35 2018
 VNCSConnST:  Client pixel format depth 24 (32bpp) little-endian rgb888
Object::connect: No such slot TaskManager::GroupManager::taskDestroyed(QObject*)

Wed Jun  6 13:19:14 2018
 Connections: accepted: 134.86.245.23::61009
 SConnection: Client needs protocol version 3.8
 SConnection: Client requests security type VncAuth(2)

Wed Jun  6 13:19:17 2018
 VNCSConnST:  Server default pixel format depth 24 (32bpp) little-endian rgb888
 VNCSConnST:  Client pixel format depth 24 (32bpp) little-endian rgb888

Wed Jun  6 13:19:18 2018
 VNCSConnST:  Client pixel format depth 24 (32bpp) little-endian rgb888

Wed Jun  6 13:34:37 2018
 Connections: closed: 137.202.215.165::50272 (read: Connection timed out (110))
 SMsgWriter:  framebuffer updates 16533
 SMsgWriter:    copyRect rects 241, bytes 3856
 SMsgWriter:    hextile rects 131066, bytes 388758329
 SMsgWriter:    ZRLE rects 2, bytes 153325
 SMsgWriter:    raw bytes equivalent 2027675360, compression ratio 5.213717
