_XSERVTransmkdir: Owner of /tmp/.X11-unix should be set to root

Xvnc TigerVNC 1.1.0 - built Oct 30 2014 12:46:27
Copyright (C) 1999-2011 TigerVNC Team and many others (see README.txt)
See http://www.tigervnc.org for information on TigerVNC.
Underlying X server release 11500000, The X.Org Foundation

Initializing built-in extension Generic Event Extension
Initializing built-in extension SHAPE
Initializing built-in extension MIT-SHM
Initializing built-in extension XInputExtension
Initializing built-in extension XTEST
Initializing built-in extension BIG-REQUESTS
Initializing built-in extension SYNC
Initializing built-in extension XKEYBOARD
Initializing built-in extension XC-MISC
Initializing built-in extension XFIXES
Initializing built-in extension RENDER
Initializing built-in extension RANDR
Initializing built-in extension DAMAGE
Initializing built-in extension MIT-SCREEN-SAVER
Initializing built-in extension DOUBLE-BUFFER
Initializing built-in extension RECORD
Initializing built-in extension DPMS
Initializing built-in extension X-Resource
Initializing built-in extension XVideo
Initializing built-in extension XVideo-MotionCompensation
Initializing built-in extension VNC-EXTENSION
Initializing built-in extension GLX

Fri Feb 23 15:23:49 2018
 vncext:      VNC extension running!
 vncext:      Listening for VNC connections on all interface(s), port 5917
 vncext:      created VNC server for screen 0
MainThread 2018/02/23 15:23:53.0717 (sabayon-apply): No profile for user 'vinays' found
No profile for user 'vinays' found
MainThread 2018/02/23 15:23:53.0718 (sabayon-apply): Fatal exception!  Exiting abnormally.
MainThread 2018/02/23 15:23:53.0719 (sabayon-apply): Traceback (most recent call last):
  File "/usr/sbin/sabayon-apply", line 149, in <module>
    sys.exit (util.EXIT_CODE_NO_USER_PROFILE)
SystemExit: 3

===== BEGIN MILESTONES (/usr/sbin/sabayon-apply) =====
MainThread 2018/02/23 15:23:53.0717 (sabayon-apply): No profile for user 'vinays' found
MainThread 2018/02/23 15:23:53.0718 (sabayon-apply): Fatal exception!  Exiting abnormally.
MainThread 2018/02/23 15:23:53.0719 (sabayon-apply): Traceback (most recent call last):
  File "/usr/sbin/sabayon-apply", line 149, in <module>
    sys.exit (util.EXIT_CODE_NO_USER_PROFILE)
SystemExit: 3

===== END MILESTONES (/usr/sbin/sabayon-apply) =====
===== BEGIN RING BUFFER (/usr/sbin/sabayon-apply) =====
MainThread 2018/02/23 15:23:53.0717 (sabayon-apply): No profile for user 'vinays' found
MainThread 2018/02/23 15:23:53.0718 (sabayon-apply): Fatal exception!  Exiting abnormally.
MainThread 2018/02/23 15:23:53.0719 (sabayon-apply): Traceback (most recent call last):
  File "/usr/sbin/sabayon-apply", line 149, in <module>
    sys.exit (util.EXIT_CODE_NO_USER_PROFILE)
SystemExit: 3

===== END RING BUFFER (/usr/sbin/sabayon-apply) =====


This configuration for the debug log can be re-created
by putting the following in ~//etc/sabayon/sabayon-debug-log.conf
(use ';' to separate domain names):

[debug log]
max lines = 1000
startkde: Starting up...
Connecting to deprecated signal QDBusConnectionInterface::serviceOwnerChanged(QString,QString,QString)
kbuildsycoca4 running...
Connecting to deprecated signal QDBusConnectionInterface::serviceOwnerChanged(QString,QString,QString)
Invalid D-BUS member name 'idle-hint' found in interface 'org.freedesktop.ConsoleKit.Session' while parsing introspection
Invalid D-BUS member name 'is-local' found in interface 'org.freedesktop.ConsoleKit.Session' while parsing introspection
Invalid D-BUS member name 'x11-display-device' found in interface 'org.freedesktop.ConsoleKit.Session' while parsing introspection
Invalid D-BUS member name 'x11-display' found in interface 'org.freedesktop.ConsoleKit.Session' while parsing introspection
Invalid D-BUS member name 'display-device' found in interface 'org.freedesktop.ConsoleKit.Session' while parsing introspection
Invalid D-BUS member name 'remote-host-name' found in interface 'org.freedesktop.ConsoleKit.Session' while parsing introspection
Invalid D-BUS member name 'session-type' found in interface 'org.freedesktop.ConsoleKit.Session' while parsing introspection
Invalid D-BUS member name 'unix-user' found in interface 'org.freedesktop.ConsoleKit.Session' while parsing introspection
QDBusConnection: name 'org.kde.kglobalaccel' had owner '' but we thought it was ':1.11'
<unknown program name>(121046)/ KStartupInfo::createNewStartupId: creating:  "inntbx11;1519379636;319282;121046_TIME0" : "unnamed app"
kephald starting up 
XRANDR error base:  145 
RRInput mask is set!! 
RandRScreen::loadSettings - adding mode:  625 1920 x 1200 
RandRScreen::loadSettings - adding mode:  626 1920 x 1080 
RandRScreen::loadSettings - adding mode:  627 1600 x 1200 
RandRScreen::loadSettings - adding mode:  628 1680 x 1050 
RandRScreen::loadSettings - adding mode:  629 1400 x 1050 
RandRScreen::loadSettings - adding mode:  630 1360 x 768 
RandRScreen::loadSettings - adding mode:  631 1280 x 1024 
RandRScreen::loadSettings - adding mode:  632 1280 x 960 
RandRScreen::loadSettings - adding mode:  633 1280 x 800 
RandRScreen::loadSettings - adding mode:  634 1280 x 720 
RandRScreen::loadSettings - adding mode:  635 1024 x 768 
RandRScreen::loadSettings - adding mode:  636 800 x 600 
RandRScreen::loadSettings - adding mode:  637 640 x 480 
RandRScreen::loadSettings - adding mode:  638 1600 x 900 
RandRScreen::loadSettings - adding crtc:  623 
RandRScreen::loadSettings - adding output:  624 
Setting CRTC 623 on output "default" (previous 0 ) 
CRTC outputs: (624) 
Output name: "default" 
Output refresh rate: 60 
Output rect: QRect(0,0 1600x900) 
Output rotation: 1 
XRandROutputs::init 
  added output  624 
adding an output 0 with geom:  QRect(0,0 1600x900) 
output: "SCREEN-0" QRect(0,0 1600x900) 7340143 false false 
load xml 
connected: 1 
looking for current "SCREEN-0" 
known "*" has score: 0.125 
screen: 0 QRect(0,0 1600x900) 
looking for a matching configuration... 
connected: 1 
looking for current "SCREEN-0" 
known "*" has score: 0.125 
found outputs, known: false 
activate external configuration!! 
registered the service: true 
screens registered on the bus: true 
outputs registered on the bus: true 
configurations registered on the bus: true 
Connecting to deprecated signal QDBusConnectionInterface::serviceOwnerChanged(QString,QString,QString)
QDBusObjectPath: invalid path ""
Connecting to deprecated signal QDBusConnectionInterface::serviceOwnerChanged(QString,QString,QString)
Connecting to deprecated signal QDBusConnectionInterface::serviceOwnerChanged(QString,QString,QString)
QFont::setPointSize: Point size <= 0 (0), must be greater than 0
QLayout: Attempting to add QLayout "" to QWidget "", which already has a layout
QGraphicsLinearLayout::removeAt: invalid index 0
QGraphicsLinearLayout::removeAt: invalid index 0
Object::connect: No such signal SystemTray::Manager::jobStateChanged(SystemTray::Job*)
Invalid D-BUS interface name 'org.kde.plasma-desktop.PlasmaApp' found while parsing introspection
<unknown program name>(125717)/ kdemain: Xlib XKB extension major= 1  minor= 0

(process:125795): GLib-WARNING **: goption.c:2132: ignoring no-arg, optional-arg or filename flags (8) on option of type 0

(process:125795): GLib-WARNING **: goption.c:2132: ignoring no-arg, optional-arg or filename flags (8) on option of type 0

(process:125795): GLib-WARNING **: goption.c:2132: ignoring no-arg, optional-arg or filename flags (8) on option of type 0

(polkit-gnome-authentication-agent-1:125796): GLib-GObject-WARNING **: cannot register existing type `_PolkitError'

(polkit-gnome-authentication-agent-1:125796): GLib-CRITICAL **: g_once_init_leave: assertion `initialization_value != 0' failed
SELinux Troubleshooter: Applet requires SELinux be enabled to run.

** (nm-applet:125812): WARNING **: <WARN>  request_name(): Could not acquire the NetworkManagerUserSettings service.
  Error: (9) Connection ":1.62376" is not allowed to own the service "org.freedesktop.NetworkManagerUserSettings" due to security policies in the configuration file

QDBusObjectPath: invalid path ""
Connecting to deprecated signal QDBusConnectionInterface::serviceOwnerChanged(QString,QString,QString)
Connecting to deprecated signal QDBusConnectionInterface::serviceOwnerChanged(QString,QString,QString)
Connecting to deprecated signal QDBusConnectionInterface::serviceOwnerChanged(QString,QString,QString)
"/usr/bin/krunner(125791)" Error in thread 140368257767488 : "org.freedesktop.DBus.Error.ServiceUnknown - The name org.kde.nepomuk.services.nepomukstorage was not provided by any .service files"
"/usr/bin/krunner(125791)" Error in thread 140368257767488 : "QLocalSocket::connectToServer: Invalid name"
Unknown media type in type 'unknown/mime-type'


Fri Feb 23 15:24:01 2018
 Connections: accepted: 137.202.215.198::56239
 SConnection: Client needs protocol version 3.8
 SConnection: Client requests security type VncAuth(2)

Fri Feb 23 15:24:04 2018
 VNCSConnST:  Server default pixel format depth 24 (32bpp) little-endian rgb888
 VNCSConnST:  Client pixel format depth 24 (32bpp) little-endian rgb888
<unknown program name>(121046)/ KStartupInfo::createNewStartupId: creating:  "inntbx11;1519379648;765471;121046_TIME0" : "unnamed app"
kbuildsycoca4 running...
Object::connect: No such slot TaskManager::GroupManager::taskDestroyed(QObject*)
Object::connect: No such slot TaskManager::GroupManager::taskDestroyed(QObject*)
Object::connect: No such slot TaskManager::GroupManager::taskDestroyed(QObject*)
Object::disconnect: Unexpected null parameter
QGraphicsScene::removeItem: cannot remove 0-item
Object::connect: No such slot TaskManager::GroupManager::taskDestroyed(QObject*)

Fri Feb 23 15:43:28 2018
 Connections: closed: 137.202.215.198::56239 (Clean disconnection)
 SMsgWriter:  framebuffer updates 2318
 SMsgWriter:    hextile rects 18582, bytes 86627842
 SMsgWriter:    raw bytes equivalent 423614880, compression ratio 4.890055

Fri Feb 23 15:43:36 2018
 Connections: accepted: 172.30.152.47::61927
 SConnection: Client needs protocol version 3.8
 SConnection: Client requests security type VncAuth(2)

Fri Feb 23 15:43:40 2018
 VNCSConnST:  Server default pixel format depth 24 (32bpp) little-endian rgb888
 VNCSConnST:  Client pixel format depth 24 (32bpp) little-endian rgb888
 VNCSConnST:  Client pixel format depth 24 (32bpp) little-endian rgb888

Fri Feb 23 15:43:47 2018
 Connections: closed: 172.30.152.47::61927 (Clean disconnection)
 SMsgWriter:  framebuffer updates 3
 SMsgWriter:    hextile rects 1, bytes 721250
 SMsgWriter:    ZRLE rects 2, bytes 144769
 SMsgWriter:    raw bytes equivalent 11520196, compression ratio 13.302475

Fri Feb 23 16:09:34 2018
 Connections: accepted: 172.30.152.81::59577
 SConnection: Client needs protocol version 3.8
 SConnection: Client requests security type VncAuth(2)

Fri Feb 23 16:09:36 2018
 VNCSConnST:  Server default pixel format depth 24 (32bpp) little-endian rgb888
 VNCSConnST:  Client pixel format depth 24 (32bpp) little-endian rgb888

Fri Feb 23 16:09:37 2018
 VNCSConnST:  Client pixel format depth 24 (32bpp) little-endian rgb888

Fri Feb 23 16:22:16 2018
 Connections: closed: 172.30.152.81::59577 (Clean disconnection)
 SMsgWriter:  framebuffer updates 921
 SMsgWriter:    hextile rects 11491, bytes 27732834
 SMsgWriter:    ZRLE rects 2, bytes 145294
 SMsgWriter:    raw bytes equivalent 148354196, compression ratio 5.321526

Fri Feb 23 18:20:48 2018
 Connections: accepted: 137.202.215.172::53863
 SConnection: Client needs protocol version 3.8
 SConnection: Client requests security type VncAuth(2)

Fri Feb 23 18:20:50 2018
 VNCSConnST:  Server default pixel format depth 24 (32bpp) little-endian rgb888
 VNCSConnST:  Client pixel format depth 24 (32bpp) little-endian rgb888

Fri Feb 23 18:32:39 2018
 Connections: accepted: 137.202.215.187::64972
 SConnection: Client needs protocol version 3.8
 SConnection: Client requests security type VncAuth(2)

Fri Feb 23 18:32:44 2018
 VNCSConnST:  Server default pixel format depth 24 (32bpp) little-endian rgb888
 VNCSConnST:  Client pixel format depth 24 (32bpp) little-endian rgb888

Fri Feb 23 19:00:54 2018
 Connections: accepted: 137.202.215.198::55293
 SConnection: Client needs protocol version 3.8
 SConnection: Client requests security type VncAuth(2)

Fri Feb 23 19:00:56 2018
 VNCSConnST:  Server default pixel format depth 24 (32bpp) little-endian rgb888
 VNCSConnST:  Client pixel format depth 24 (32bpp) little-endian rgb888

Fri Feb 23 19:03:53 2018
 Connections: closed: 137.202.215.187::64972 (Clean disconnection)
 SMsgWriter:  framebuffer updates 2654
 SMsgWriter:    hextile rects 44885, bytes 99933784
 SMsgWriter:    raw bytes equivalent 554536712, compression ratio 5.549041

Fri Feb 23 19:29:43 2018
 Connections: closed: 137.202.215.198::55293 (read: Connection timed out (110))
 SMsgWriter:  framebuffer updates 871
 SMsgWriter:    hextile rects 8292, bytes 24499290
 SMsgWriter:    raw bytes equivalent 116836604, compression ratio 4.768979

Fri Feb 23 21:09:40 2018
 Connections: closed: 137.202.215.172::53863 (Clean disconnection)
 SMsgWriter:  framebuffer updates 4975
 SMsgWriter:    hextile rects 87447, bytes 399197000
 SMsgWriter:    raw bytes equivalent -1196016388, compression ratio -2.996056

Fri Feb 23 21:50:55 2018
 Connections: accepted: 172.30.152.92::51153
 SConnection: Client needs protocol version 3.8
 SConnection: Client requests security type VncAuth(2)

Fri Feb 23 21:50:57 2018
 Connections: closed: 172.30.152.92::51153 (read: Connection reset by peer
              (104))

Sat Feb 24 18:23:23 2018
 Connections: accepted: 172.30.152.54::52239
 SConnection: Client needs protocol version 3.8
 SConnection: Client requests security type VncAuth(2)

Sat Feb 24 18:23:25 2018
 VNCSConnST:  Server default pixel format depth 24 (32bpp) little-endian rgb888
 VNCSConnST:  Client pixel format depth 24 (32bpp) little-endian rgb888

Sat Feb 24 18:23:26 2018
 VNCSConnST:  Client pixel format depth 24 (32bpp) little-endian rgb888

Sat Feb 24 18:24:27 2018
 VNCSConnST:  Client pixel format depth 24 (32bpp) little-endian rgb888

Sat Feb 24 18:24:56 2018
 Connections: closed: 172.30.152.54::52239 (Clean disconnection)
 SMsgWriter:  framebuffer updates 127
 SMsgWriter:    hextile rects 2, bytes 563367
 SMsgWriter:    ZRLE rects 2260, bytes 2587091
 SMsgWriter:    raw bytes equivalent 80716664, compression ratio 25.620613

Sat Feb 24 19:42:56 2018
 Connections: accepted: 172.30.152.54::61279
 SConnection: Client needs protocol version 3.8

Sat Feb 24 19:42:57 2018
 SConnection: Client requests security type VncAuth(2)

Sat Feb 24 19:42:58 2018
 VNCSConnST:  Server default pixel format depth 24 (32bpp) little-endian rgb888
 VNCSConnST:  Client pixel format depth 24 (32bpp) little-endian rgb888

Sat Feb 24 19:42:59 2018
 VNCSConnST:  Client pixel format depth 24 (32bpp) little-endian rgb888

Sat Feb 24 19:44:01 2018
 VNCSConnST:  Client pixel format depth 24 (32bpp) little-endian rgb888

Sat Feb 24 19:45:02 2018
 VNCSConnST:  Client pixel format depth 24 (32bpp) little-endian rgb888

Sat Feb 24 19:46:03 2018
 VNCSConnST:  Client pixel format depth 24 (32bpp) little-endian rgb888

Sat Feb 24 19:46:31 2018
 Connections: closed: 172.30.152.54::61279 (Clean disconnection)
 SMsgWriter:  framebuffer updates 395
 SMsgWriter:    hextile rects 2, bytes 547372
 SMsgWriter:    ZRLE rects 10448, bytes 13282802
 SMsgWriter:    raw bytes equivalent 359284512, compression ratio 25.978307

Mon Feb 26 10:51:43 2018
 Connections: accepted: 137.202.215.172::61005
 SConnection: Client needs protocol version 3.8
 SConnection: Client requests security type VncAuth(2)

Mon Feb 26 10:51:45 2018
 Connections: closed: 137.202.215.172::61005 (read: Connection reset by peer
              (104))

Mon Feb 26 11:20:34 2018
 Connections: accepted: 137.202.215.198::53406
 SConnection: Client needs protocol version 3.8
 SConnection: Client requests security type VncAuth(2)

Mon Feb 26 11:20:38 2018
 VNCSConnST:  Server default pixel format depth 24 (32bpp) little-endian rgb888
 VNCSConnST:  Client pixel format depth 24 (32bpp) little-endian rgb888

Mon Feb 26 11:20:49 2018
 Connections: closed: 137.202.215.198::53406 (Clean disconnection)
 SMsgWriter:  framebuffer updates 117
 SMsgWriter:    hextile rects 127, bytes 4840472
 SMsgWriter:    raw bytes equivalent 24964904, compression ratio 5.157535
PolicyKit daemon disconnected from the bus.
We are no longer a registered authentication agent.
Unexpected response from KInit (response = 0).
startkde: Could not start ksmserver. Check your installation.
ICE default IO error handler doing an exit(), pid = 125831, errno = 11
ICE default IO error handler doing an exit(), pid = 125791, errno = 11
ICE default IO error handler doing an exit(), pid = 181145, errno = 11
kDebugStream called after destruction (from virtual Konsole::SessionManager::~SessionManager() file /builddir/build/BUILD/kdebase-4.3.4/apps/konsole/src/SessionManager.cpp line 301)
Konsole SessionManager destroyed with sessions still alive 
Undecodable sequence: \001b(hex)[0;1;4;7;5;8m
Undecodable sequence: \001b(hex)[0;1;4;7;5;8m
Undecodable sequence: \001b(hex)[0;1;4;7;5;8m
Undecodable sequence: \001b(hex)[0;1;4;7;5;8m
Undecodable sequence: \001b(hex)[0;1;4;7;5;8m
Undecodable sequence: \001b(hex)[0;1;4;7;5;8m
Undecodable sequence: \001b(hex)[0;1;4;7;5;8m
Undecodable sequence: \001b(hex)[0;1;4;7;5;8m
Undecodable sequence: \001b(hex)[0;1;4;7;5;8m
Undecodable sequence: \001b(hex)[0;1;4;7;5;8m
Undecodable sequence: \001b(hex)[0;1;4;7;5;8m
Undecodable sequence: \001b(hex)[0;1;4;7;5;8m
Undecodable sequence: \001b(hex)[0;1;4;7;5;8m
Undecodable sequence: \001b(hex)[0;1;4;7;5;8m
Undecodable sequence: \001b(hex)[0;1;4;7;5;8m
Undecodable sequence: \001b(hex)[0;1;4;7;5;8m
Undecodable sequence: \001b(hex)[0;1;4;7;5;8m
Undecodable sequence: \001b(hex)[0;1;4;7;5;8m
Undecodable sequence: \001b(hex)[0;1;4;7;5;8m
Undecodable sequence: \001b(hex)[0;1;4;7;5;8m
Undecodable sequence: \001b(hex)[0;1;4;7;5;8m
Undecodable sequence: \001b(hex)[0;1;4;7;5;8m
Undecodable sequence: \001b(hex)[0;1;4;7;5;8m
Undecodable sequence: \001b(hex)[0;1;4;7;5;8m
Undecodable sequence: \001b(hex)[0;1;4;7;5;8m
Undecodable sequence: \001b(hex)[0;1;4;7;5;8m
Undecodable sequence: \001b(hex)[0;1;4;7;5;8m
Undecodable sequence: \001b(hex)[0;1;4;7;5;8m
Undecodable sequence: \001b(hex)[0;1;4;7;5;8m
Undecodable sequence: \001b(hex)[0;1;4;7;5;8m
Undecodable sequence: \001b(hex)[0;1;4;7;5;8m
Undecodable sequence: \001b(hex)[0;1;4;7;5;8m
Undecodable sequence: \001b(hex)[0;1;4;7;5;8m
Undecodable sequence: \001b(hex)[0;1;4;7;5;8m
Undecodable sequence: \001b(hex)[0;1;4;7;5;8m
Undecodable sequence: \001b(hex)[0;1;4;7;5;8m
Undecodable sequence: \001b(hex)[0;1;4;7;5;8m
Undecodable sequence: \001b(hex)[0;1;4;7;5;8m
Undecodable sequence: \001b(hex)[0;1;4;7;5;8m
Warning: Missing charsets in String to FontSet conversion
PolicyKit daemon reconnected to bus.
Attempting to re-register as an authentication agent.
We are now a registered authentication agent.

Fri Mar  9 10:51:53 2018
 Connections: accepted: 137.202.215.172::61833
 SConnection: Client needs protocol version 3.8
 SConnection: Client requests security type VncAuth(2)

Fri Mar  9 10:51:55 2018
 VNCSConnST:  Server default pixel format depth 24 (32bpp) little-endian rgb888
 VNCSConnST:  Client pixel format depth 24 (32bpp) little-endian rgb888

Fri Mar  9 10:51:59 2018
 Connections: closed: 137.202.215.172::61833 (Clean disconnection)
 SMsgWriter:  framebuffer updates 4
 SMsgWriter:    hextile rects 3, bytes 11312
 SMsgWriter:    raw bytes equivalent 5761860, compression ratio 509.358204
